[32m2025-10-10 15:12:49 +0200[0m - dagster - [34mDEBUG[0m - __ASSET_JOB - 29bbb2e8-3f29-45c9-afea-3d00b0064f80 - 15118 - LOGS_CAPTURED - Started capturing logs in process (pid: 15118).
[32m2025-10-10 15:12:49 +0200[0m - dagster - [34mDEBUG[0m - __ASSET_JOB - 29bbb2e8-3f29-45c9-afea-3d00b0064f80 - 15118 - asset_news - STEP_START - Started execution of step "asset_news".
[32m2025-10-10 15:12:49 +0200[0m - dagster - [34mINFO[0m - __ASSET_JOB - 29bbb2e8-3f29-45c9-afea-3d00b0064f80 - asset_news - Fetching RSS for AAPL
[32m2025-10-10 15:12:49 +0200[0m - dagster - [34mINFO[0m - __ASSET_JOB - 29bbb2e8-3f29-45c9-afea-3d00b0064f80 - asset_news - ✓ News found for AAPL
[32m2025-10-10 15:12:50 +0200[0m - dagster - [34mINFO[0m - __ASSET_JOB - 29bbb2e8-3f29-45c9-afea-3d00b0064f80 - asset_news - Fetching RSS for MSFT
[32m2025-10-10 15:12:50 +0200[0m - dagster - [34mINFO[0m - __ASSET_JOB - 29bbb2e8-3f29-45c9-afea-3d00b0064f80 - asset_news - ✓ News found for MSFT
[32m2025-10-10 15:12:51 +0200[0m - dagster - [34mINFO[0m - __ASSET_JOB - 29bbb2e8-3f29-45c9-afea-3d00b0064f80 - asset_news - Fetching RSS for GOOGL
[32m2025-10-10 15:12:51 +0200[0m - dagster - [34mINFO[0m - __ASSET_JOB - 29bbb2e8-3f29-45c9-afea-3d00b0064f80 - asset_news - ✓ News found for GOOGL
[32m2025-10-10 15:12:52 +0200[0m - dagster - [34mINFO[0m - __ASSET_JOB - 29bbb2e8-3f29-45c9-afea-3d00b0064f80 - asset_news - Fetching RSS for AMZN
[32m2025-10-10 15:12:52 +0200[0m - dagster - [34mINFO[0m - __ASSET_JOB - 29bbb2e8-3f29-45c9-afea-3d00b0064f80 - asset_news - ✓ News found for AMZN
[32m2025-10-10 15:12:53 +0200[0m - dagster - [34mINFO[0m - __ASSET_JOB - 29bbb2e8-3f29-45c9-afea-3d00b0064f80 - asset_news - Fetching RSS for META
[32m2025-10-10 15:12:53 +0200[0m - dagster - [34mINFO[0m - __ASSET_JOB - 29bbb2e8-3f29-45c9-afea-3d00b0064f80 - asset_news - ✓ News found for META
[32m2025-10-10 15:12:54 +0200[0m - dagster - [34mINFO[0m - __ASSET_JOB - 29bbb2e8-3f29-45c9-afea-3d00b0064f80 - asset_news - Fetching RSS for NVDA
[32m2025-10-10 15:12:55 +0200[0m - dagster - [34mINFO[0m - __ASSET_JOB - 29bbb2e8-3f29-45c9-afea-3d00b0064f80 - asset_news - ✓ News found for NVDA
[32m2025-10-10 15:12:55 +0200[0m - dagster - [34mINFO[0m - __ASSET_JOB - 29bbb2e8-3f29-45c9-afea-3d00b0064f80 - asset_news - Fetching RSS for TSLA
[32m2025-10-10 15:12:56 +0200[0m - dagster - [34mINFO[0m - __ASSET_JOB - 29bbb2e8-3f29-45c9-afea-3d00b0064f80 - asset_news - ✓ News found for TSLA
[32m2025-10-10 15:12:56 +0200[0m - dagster - [34mINFO[0m - __ASSET_JOB - 29bbb2e8-3f29-45c9-afea-3d00b0064f80 - asset_news - Fetching RSS for NFLX
[32m2025-10-10 15:12:57 +0200[0m - dagster - [34mINFO[0m - __ASSET_JOB - 29bbb2e8-3f29-45c9-afea-3d00b0064f80 - asset_news - ✓ News found for NFLX
[32m2025-10-10 15:12:57 +0200[0m - dagster - [34mINFO[0m - __ASSET_JOB - 29bbb2e8-3f29-45c9-afea-3d00b0064f80 - asset_news - Fetching RSS for AMD
[32m2025-10-10 15:12:58 +0200[0m - dagster - [34mINFO[0m - __ASSET_JOB - 29bbb2e8-3f29-45c9-afea-3d00b0064f80 - asset_news - ✓ News found for AMD
[32m2025-10-10 15:12:58 +0200[0m - dagster - [34mINFO[0m - __ASSET_JOB - 29bbb2e8-3f29-45c9-afea-3d00b0064f80 - asset_news - Fetching RSS for INTC
[32m2025-10-10 15:12:59 +0200[0m - dagster - [34mINFO[0m - __ASSET_JOB - 29bbb2e8-3f29-45c9-afea-3d00b0064f80 - asset_news - ✓ News found for INTC
[32m2025-10-10 15:12:59 +0200[0m - dagster - [34mINFO[0m - __ASSET_JOB - 29bbb2e8-3f29-45c9-afea-3d00b0064f80 - asset_news - Fetching RSS for JPM
[32m2025-10-10 15:13:00 +0200[0m - dagster - [34mINFO[0m - __ASSET_JOB - 29bbb2e8-3f29-45c9-afea-3d00b0064f80 - asset_news - ✓ News found for JPM
[32m2025-10-10 15:13:00 +0200[0m - dagster - [34mINFO[0m - __ASSET_JOB - 29bbb2e8-3f29-45c9-afea-3d00b0064f80 - asset_news - Fetching RSS for BAC
[32m2025-10-10 15:13:01 +0200[0m - dagster - [34mINFO[0m - __ASSET_JOB - 29bbb2e8-3f29-45c9-afea-3d00b0064f80 - asset_news - ✓ News found for BAC
[32m2025-10-10 15:13:01 +0200[0m - dagster - [34mINFO[0m - __ASSET_JOB - 29bbb2e8-3f29-45c9-afea-3d00b0064f80 - asset_news - Fetching RSS for GS
[32m2025-10-10 15:13:02 +0200[0m - dagster - [34mINFO[0m - __ASSET_JOB - 29bbb2e8-3f29-45c9-afea-3d00b0064f80 - asset_news - ✓ News found for GS
[32m2025-10-10 15:13:02 +0200[0m - dagster - [34mINFO[0m - __ASSET_JOB - 29bbb2e8-3f29-45c9-afea-3d00b0064f80 - asset_news - Fetching RSS for MS
[32m2025-10-10 15:13:03 +0200[0m - dagster - [34mINFO[0m - __ASSET_JOB - 29bbb2e8-3f29-45c9-afea-3d00b0064f80 - asset_news - ✓ News found for MS
[32m2025-10-10 15:13:03 +0200[0m - dagster - [34mINFO[0m - __ASSET_JOB - 29bbb2e8-3f29-45c9-afea-3d00b0064f80 - asset_news - Fetching RSS for WFC
[32m2025-10-10 15:13:04 +0200[0m - dagster - [34mINFO[0m - __ASSET_JOB - 29bbb2e8-3f29-45c9-afea-3d00b0064f80 - asset_news - ✓ News found for WFC
[32m2025-10-10 15:13:04 +0200[0m - dagster - [34mINFO[0m - __ASSET_JOB - 29bbb2e8-3f29-45c9-afea-3d00b0064f80 - asset_news - Fetching RSS for C
[32m2025-10-10 15:13:05 +0200[0m - dagster - [34mINFO[0m - __ASSET_JOB - 29bbb2e8-3f29-45c9-afea-3d00b0064f80 - asset_news - ✓ News found for C
[32m2025-10-10 15:13:05 +0200[0m - dagster - [34mINFO[0m - __ASSET_JOB - 29bbb2e8-3f29-45c9-afea-3d00b0064f80 - asset_news - Fetching RSS for BLK
[32m2025-10-10 15:13:06 +0200[0m - dagster - [34mINFO[0m - __ASSET_JOB - 29bbb2e8-3f29-45c9-afea-3d00b0064f80 - asset_news - ✓ News found for BLK
[32m2025-10-10 15:13:06 +0200[0m - dagster - [34mINFO[0m - __ASSET_JOB - 29bbb2e8-3f29-45c9-afea-3d00b0064f80 - asset_news - Fetching RSS for V
[32m2025-10-10 15:13:07 +0200[0m - dagster - [34mINFO[0m - __ASSET_JOB - 29bbb2e8-3f29-45c9-afea-3d00b0064f80 - asset_news - ✓ News found for V
[32m2025-10-10 15:13:07 +0200[0m - dagster - [34mINFO[0m - __ASSET_JOB - 29bbb2e8-3f29-45c9-afea-3d00b0064f80 - asset_news - Fetching RSS for MA
[32m2025-10-10 15:13:08 +0200[0m - dagster - [34mINFO[0m - __ASSET_JOB - 29bbb2e8-3f29-45c9-afea-3d00b0064f80 - asset_news - ✓ News found for MA
[32m2025-10-10 15:13:08 +0200[0m - dagster - [34mINFO[0m - __ASSET_JOB - 29bbb2e8-3f29-45c9-afea-3d00b0064f80 - asset_news - Fetching RSS for AXP
[32m2025-10-10 15:13:09 +0200[0m - dagster - [34mINFO[0m - __ASSET_JOB - 29bbb2e8-3f29-45c9-afea-3d00b0064f80 - asset_news - ✓ News found for AXP
[32m2025-10-10 15:13:10 +0200[0m - dagster - [34mINFO[0m - __ASSET_JOB - 29bbb2e8-3f29-45c9-afea-3d00b0064f80 - asset_news - Retrieved 20 articles via RSS
[32m2025-10-10 15:13:10 +0200[0m - dagster - [34mDEBUG[0m - __ASSET_JOB - 29bbb2e8-3f29-45c9-afea-3d00b0064f80 - 15118 - asset_news - STEP_OUTPUT - Yielded output "result" of type "DataFrame". (Type check passed).
[32m2025-10-10 15:13:10 +0200[0m - dagster - [34mDEBUG[0m - __ASSET_JOB - 29bbb2e8-3f29-45c9-afea-3d00b0064f80 - asset_news - Writing file at: /Users/mohameddiagne/Desktop/ETL Challenge/tmpz5m3ka_7/storage/asset_news using PickledObjectFilesystemIOManager...
[32m2025-10-10 15:13:10 +0200[0m - dagster - [34mDEBUG[0m - __ASSET_JOB - 29bbb2e8-3f29-45c9-afea-3d00b0064f80 - 15118 - asset_news - ASSET_MATERIALIZATION - Materialized value asset_news.
[32m2025-10-10 15:13:10 +0200[0m - dagster - [34mDEBUG[0m - __ASSET_JOB - 29bbb2e8-3f29-45c9-afea-3d00b0064f80 - 15118 - asset_news - HANDLED_OUTPUT - Handled output "result" using IO manager "io_manager"
[32m2025-10-10 15:13:10 +0200[0m - dagster - [34mDEBUG[0m - __ASSET_JOB - 29bbb2e8-3f29-45c9-afea-3d00b0064f80 - 15118 - asset_news - STEP_SUCCESS - Finished execution of step "asset_news" in 20.73s.
