[32m2025-10-10 14:56:28 +0200[0m - dagster - [34mDEBUG[0m - __ASSET_JOB - dd0a5704-bc0b-4c30-a616-6b074ebb018a - 14626 - LOGS_CAPTURED - Started capturing logs in process (pid: 14626).
[32m2025-10-10 14:56:28 +0200[0m - dagster - [34mDEBUG[0m - __ASSET_JOB - dd0a5704-bc0b-4c30-a616-6b074ebb018a - 14626 - asset_news - STEP_START - Started execution of step "asset_news".
[32m2025-10-10 14:56:28 +0200[0m - dagster - [34mINFO[0m - __ASSET_JOB - dd0a5704-bc0b-4c30-a616-6b074ebb018a - asset_news - Fetching RSS for AAPL
[32m2025-10-10 14:56:29 +0200[0m - dagster - [34mINFO[0m - __ASSET_JOB - dd0a5704-bc0b-4c30-a616-6b074ebb018a - asset_news - ✓ News found for AAPL
[32m2025-10-10 14:56:29 +0200[0m - dagster - [34mINFO[0m - __ASSET_JOB - dd0a5704-bc0b-4c30-a616-6b074ebb018a - asset_news - Fetching RSS for MSFT
[32m2025-10-10 14:56:30 +0200[0m - dagster - [34mINFO[0m - __ASSET_JOB - dd0a5704-bc0b-4c30-a616-6b074ebb018a - asset_news - ✓ News found for MSFT
[32m2025-10-10 14:56:30 +0200[0m - dagster - [34mINFO[0m - __ASSET_JOB - dd0a5704-bc0b-4c30-a616-6b074ebb018a - asset_news - Fetching RSS for GOOGL
[32m2025-10-10 14:56:31 +0200[0m - dagster - [34mINFO[0m - __ASSET_JOB - dd0a5704-bc0b-4c30-a616-6b074ebb018a - asset_news - ✓ News found for GOOGL
[32m2025-10-10 14:56:31 +0200[0m - dagster - [34mINFO[0m - __ASSET_JOB - dd0a5704-bc0b-4c30-a616-6b074ebb018a - asset_news - Fetching RSS for AMZN
[32m2025-10-10 14:56:32 +0200[0m - dagster - [34mINFO[0m - __ASSET_JOB - dd0a5704-bc0b-4c30-a616-6b074ebb018a - asset_news - ✓ News found for AMZN
[32m2025-10-10 14:56:32 +0200[0m - dagster - [34mINFO[0m - __ASSET_JOB - dd0a5704-bc0b-4c30-a616-6b074ebb018a - asset_news - Fetching RSS for META
[32m2025-10-10 14:56:33 +0200[0m - dagster - [34mINFO[0m - __ASSET_JOB - dd0a5704-bc0b-4c30-a616-6b074ebb018a - asset_news - ✓ News found for META
[32m2025-10-10 14:56:33 +0200[0m - dagster - [34mINFO[0m - __ASSET_JOB - dd0a5704-bc0b-4c30-a616-6b074ebb018a - asset_news - Fetching RSS for NVDA
[32m2025-10-10 14:56:34 +0200[0m - dagster - [34mINFO[0m - __ASSET_JOB - dd0a5704-bc0b-4c30-a616-6b074ebb018a - asset_news - ✓ News found for NVDA
[32m2025-10-10 14:56:35 +0200[0m - dagster - [34mINFO[0m - __ASSET_JOB - dd0a5704-bc0b-4c30-a616-6b074ebb018a - asset_news - Fetching RSS for TSLA
[32m2025-10-10 14:56:35 +0200[0m - dagster - [34mINFO[0m - __ASSET_JOB - dd0a5704-bc0b-4c30-a616-6b074ebb018a - asset_news - ✓ News found for TSLA
[32m2025-10-10 14:56:36 +0200[0m - dagster - [34mINFO[0m - __ASSET_JOB - dd0a5704-bc0b-4c30-a616-6b074ebb018a - asset_news - Fetching RSS for NFLX
[32m2025-10-10 14:56:36 +0200[0m - dagster - [34mINFO[0m - __ASSET_JOB - dd0a5704-bc0b-4c30-a616-6b074ebb018a - asset_news - ✓ News found for NFLX
[32m2025-10-10 14:56:37 +0200[0m - dagster - [34mINFO[0m - __ASSET_JOB - dd0a5704-bc0b-4c30-a616-6b074ebb018a - asset_news - Fetching RSS for AMD
[32m2025-10-10 14:56:37 +0200[0m - dagster - [34mINFO[0m - __ASSET_JOB - dd0a5704-bc0b-4c30-a616-6b074ebb018a - asset_news - ✓ News found for AMD
[32m2025-10-10 14:56:38 +0200[0m - dagster - [34mINFO[0m - __ASSET_JOB - dd0a5704-bc0b-4c30-a616-6b074ebb018a - asset_news - Fetching RSS for INTC
[32m2025-10-10 14:56:38 +0200[0m - dagster - [34mINFO[0m - __ASSET_JOB - dd0a5704-bc0b-4c30-a616-6b074ebb018a - asset_news - ✓ News found for INTC
[32m2025-10-10 14:56:39 +0200[0m - dagster - [34mINFO[0m - __ASSET_JOB - dd0a5704-bc0b-4c30-a616-6b074ebb018a - asset_news - Fetching RSS for JPM
[32m2025-10-10 14:56:39 +0200[0m - dagster - [34mINFO[0m - __ASSET_JOB - dd0a5704-bc0b-4c30-a616-6b074ebb018a - asset_news - ✓ News found for JPM
[32m2025-10-10 14:56:40 +0200[0m - dagster - [34mINFO[0m - __ASSET_JOB - dd0a5704-bc0b-4c30-a616-6b074ebb018a - asset_news - Fetching RSS for BAC
[32m2025-10-10 14:56:40 +0200[0m - dagster - [34mINFO[0m - __ASSET_JOB - dd0a5704-bc0b-4c30-a616-6b074ebb018a - asset_news - ✓ News found for BAC
[32m2025-10-10 14:56:41 +0200[0m - dagster - [34mINFO[0m - __ASSET_JOB - dd0a5704-bc0b-4c30-a616-6b074ebb018a - asset_news - Fetching RSS for GS
[32m2025-10-10 14:56:42 +0200[0m - dagster - [34mINFO[0m - __ASSET_JOB - dd0a5704-bc0b-4c30-a616-6b074ebb018a - asset_news - ✓ News found for GS
[32m2025-10-10 14:56:42 +0200[0m - dagster - [34mINFO[0m - __ASSET_JOB - dd0a5704-bc0b-4c30-a616-6b074ebb018a - asset_news - Fetching RSS for MS
[32m2025-10-10 14:56:43 +0200[0m - dagster - [34mINFO[0m - __ASSET_JOB - dd0a5704-bc0b-4c30-a616-6b074ebb018a - asset_news - ✓ News found for MS
[32m2025-10-10 14:56:44 +0200[0m - dagster - [34mINFO[0m - __ASSET_JOB - dd0a5704-bc0b-4c30-a616-6b074ebb018a - asset_news - Fetching RSS for WFC
[32m2025-10-10 14:56:44 +0200[0m - dagster - [34mINFO[0m - __ASSET_JOB - dd0a5704-bc0b-4c30-a616-6b074ebb018a - asset_news - ✓ News found for WFC
[32m2025-10-10 14:56:45 +0200[0m - dagster - [34mINFO[0m - __ASSET_JOB - dd0a5704-bc0b-4c30-a616-6b074ebb018a - asset_news - Fetching RSS for C
[32m2025-10-10 14:56:45 +0200[0m - dagster - [34mINFO[0m - __ASSET_JOB - dd0a5704-bc0b-4c30-a616-6b074ebb018a - asset_news - ✓ News found for C
[32m2025-10-10 14:56:46 +0200[0m - dagster - [34mINFO[0m - __ASSET_JOB - dd0a5704-bc0b-4c30-a616-6b074ebb018a - asset_news - Fetching RSS for BLK
[32m2025-10-10 14:56:47 +0200[0m - dagster - [34mINFO[0m - __ASSET_JOB - dd0a5704-bc0b-4c30-a616-6b074ebb018a - asset_news - ✓ News found for BLK
[32m2025-10-10 14:56:47 +0200[0m - dagster - [34mINFO[0m - __ASSET_JOB - dd0a5704-bc0b-4c30-a616-6b074ebb018a - asset_news - Fetching RSS for V
[32m2025-10-10 14:56:48 +0200[0m - dagster - [34mINFO[0m - __ASSET_JOB - dd0a5704-bc0b-4c30-a616-6b074ebb018a - asset_news - ✓ News found for V
[32m2025-10-10 14:56:48 +0200[0m - dagster - [34mINFO[0m - __ASSET_JOB - dd0a5704-bc0b-4c30-a616-6b074ebb018a - asset_news - Fetching RSS for MA
[32m2025-10-10 14:56:49 +0200[0m - dagster - [34mINFO[0m - __ASSET_JOB - dd0a5704-bc0b-4c30-a616-6b074ebb018a - asset_news - ✓ News found for MA
[32m2025-10-10 14:56:49 +0200[0m - dagster - [34mINFO[0m - __ASSET_JOB - dd0a5704-bc0b-4c30-a616-6b074ebb018a - asset_news - Fetching RSS for AXP
[32m2025-10-10 14:56:50 +0200[0m - dagster - [34mINFO[0m - __ASSET_JOB - dd0a5704-bc0b-4c30-a616-6b074ebb018a - asset_news - ✓ News found for AXP
[32m2025-10-10 14:56:50 +0200[0m - dagster - [34mINFO[0m - __ASSET_JOB - dd0a5704-bc0b-4c30-a616-6b074ebb018a - asset_news - Retrieved 20 articles via RSS
[32m2025-10-10 14:56:50 +0200[0m - dagster - [34mDEBUG[0m - __ASSET_JOB - dd0a5704-bc0b-4c30-a616-6b074ebb018a - 14626 - asset_news - STEP_OUTPUT - Yielded output "result" of type "DataFrame". (Type check passed).
[32m2025-10-10 14:56:50 +0200[0m - dagster - [34mDEBUG[0m - __ASSET_JOB - dd0a5704-bc0b-4c30-a616-6b074ebb018a - asset_news - Writing file at: /Users/mohameddiagne/Desktop/ETL Challenge/tmpdcppzqdp/storage/asset_news using PickledObjectFilesystemIOManager...
[32m2025-10-10 14:56:50 +0200[0m - dagster - [34mDEBUG[0m - __ASSET_JOB - dd0a5704-bc0b-4c30-a616-6b074ebb018a - 14626 - asset_news - ASSET_MATERIALIZATION - Materialized value asset_news.
[32m2025-10-10 14:56:50 +0200[0m - dagster - [34mDEBUG[0m - __ASSET_JOB - dd0a5704-bc0b-4c30-a616-6b074ebb018a - 14626 - asset_news - HANDLED_OUTPUT - Handled output "result" using IO manager "io_manager"
[32m2025-10-10 14:56:50 +0200[0m - dagster - [34mDEBUG[0m - __ASSET_JOB - dd0a5704-bc0b-4c30-a616-6b074ebb018a - 14626 - asset_news - STEP_SUCCESS - Finished execution of step "asset_news" in 22.63s.
