[32m2025-10-13 12:19:19 +0200[0m - dagster - [34mDEBUG[0m - __ASSET_JOB - ae539a97-a1de-4fac-a1b5-5e20d2d3e082 - 17483 - LOGS_CAPTURED - Started capturing logs in process (pid: 17483).
[32m2025-10-13 12:19:19 +0200[0m - dagster - [34mDEBUG[0m - __ASSET_JOB - ae539a97-a1de-4fac-a1b5-5e20d2d3e082 - 17483 - asset_news - STEP_START - Started execution of step "asset_news".
[32m2025-10-13 12:19:19 +0200[0m - dagster - [34mINFO[0m - __ASSET_JOB - ae539a97-a1de-4fac-a1b5-5e20d2d3e082 - asset_news - Fetching RSS for AAPL
[32m2025-10-13 12:19:20 +0200[0m - dagster - [34mINFO[0m - __ASSET_JOB - ae539a97-a1de-4fac-a1b5-5e20d2d3e082 - asset_news - ✓ News found for AAPL
[32m2025-10-13 12:19:20 +0200[0m - dagster - [34mINFO[0m - __ASSET_JOB - ae539a97-a1de-4fac-a1b5-5e20d2d3e082 - asset_news - Fetching RSS for MSFT
[32m2025-10-13 12:19:21 +0200[0m - dagster - [34mINFO[0m - __ASSET_JOB - ae539a97-a1de-4fac-a1b5-5e20d2d3e082 - asset_news - ✓ News found for MSFT
[32m2025-10-13 12:19:21 +0200[0m - dagster - [34mINFO[0m - __ASSET_JOB - ae539a97-a1de-4fac-a1b5-5e20d2d3e082 - asset_news - Fetching RSS for GOOGL
[32m2025-10-13 12:19:22 +0200[0m - dagster - [34mINFO[0m - __ASSET_JOB - ae539a97-a1de-4fac-a1b5-5e20d2d3e082 - asset_news - ✓ News found for GOOGL
[32m2025-10-13 12:19:22 +0200[0m - dagster - [34mINFO[0m - __ASSET_JOB - ae539a97-a1de-4fac-a1b5-5e20d2d3e082 - asset_news - Fetching RSS for AMZN
[32m2025-10-13 12:19:23 +0200[0m - dagster - [34mINFO[0m - __ASSET_JOB - ae539a97-a1de-4fac-a1b5-5e20d2d3e082 - asset_news - ✓ News found for AMZN
[32m2025-10-13 12:19:23 +0200[0m - dagster - [34mINFO[0m - __ASSET_JOB - ae539a97-a1de-4fac-a1b5-5e20d2d3e082 - asset_news - Fetching RSS for META
[32m2025-10-13 12:19:24 +0200[0m - dagster - [34mINFO[0m - __ASSET_JOB - ae539a97-a1de-4fac-a1b5-5e20d2d3e082 - asset_news - ✓ News found for META
[32m2025-10-13 12:19:24 +0200[0m - dagster - [34mINFO[0m - __ASSET_JOB - ae539a97-a1de-4fac-a1b5-5e20d2d3e082 - asset_news - Fetching RSS for NVDA
[32m2025-10-13 12:19:25 +0200[0m - dagster - [34mINFO[0m - __ASSET_JOB - ae539a97-a1de-4fac-a1b5-5e20d2d3e082 - asset_news - ✓ News found for NVDA
[32m2025-10-13 12:19:25 +0200[0m - dagster - [34mINFO[0m - __ASSET_JOB - ae539a97-a1de-4fac-a1b5-5e20d2d3e082 - asset_news - Fetching RSS for TSLA
[32m2025-10-13 12:19:26 +0200[0m - dagster - [34mINFO[0m - __ASSET_JOB - ae539a97-a1de-4fac-a1b5-5e20d2d3e082 - asset_news - ✓ News found for TSLA
[32m2025-10-13 12:19:27 +0200[0m - dagster - [34mINFO[0m - __ASSET_JOB - ae539a97-a1de-4fac-a1b5-5e20d2d3e082 - asset_news - Fetching RSS for NFLX
[32m2025-10-13 12:19:27 +0200[0m - dagster - [34mINFO[0m - __ASSET_JOB - ae539a97-a1de-4fac-a1b5-5e20d2d3e082 - asset_news - ✓ News found for NFLX
[32m2025-10-13 12:19:28 +0200[0m - dagster - [34mINFO[0m - __ASSET_JOB - ae539a97-a1de-4fac-a1b5-5e20d2d3e082 - asset_news - Fetching RSS for AMD
[32m2025-10-13 12:19:28 +0200[0m - dagster - [34mINFO[0m - __ASSET_JOB - ae539a97-a1de-4fac-a1b5-5e20d2d3e082 - asset_news - ✓ News found for AMD
[32m2025-10-13 12:19:29 +0200[0m - dagster - [34mINFO[0m - __ASSET_JOB - ae539a97-a1de-4fac-a1b5-5e20d2d3e082 - asset_news - Fetching RSS for INTC
[32m2025-10-13 12:19:29 +0200[0m - dagster - [34mINFO[0m - __ASSET_JOB - ae539a97-a1de-4fac-a1b5-5e20d2d3e082 - asset_news - ✓ News found for INTC
[32m2025-10-13 12:19:30 +0200[0m - dagster - [34mINFO[0m - __ASSET_JOB - ae539a97-a1de-4fac-a1b5-5e20d2d3e082 - asset_news - Fetching RSS for JPM
[32m2025-10-13 12:19:31 +0200[0m - dagster - [34mINFO[0m - __ASSET_JOB - ae539a97-a1de-4fac-a1b5-5e20d2d3e082 - asset_news - ✓ News found for JPM
[32m2025-10-13 12:19:31 +0200[0m - dagster - [34mINFO[0m - __ASSET_JOB - ae539a97-a1de-4fac-a1b5-5e20d2d3e082 - asset_news - Fetching RSS for BAC
[32m2025-10-13 12:19:32 +0200[0m - dagster - [34mINFO[0m - __ASSET_JOB - ae539a97-a1de-4fac-a1b5-5e20d2d3e082 - asset_news - ✓ News found for BAC
[32m2025-10-13 12:19:32 +0200[0m - dagster - [34mINFO[0m - __ASSET_JOB - ae539a97-a1de-4fac-a1b5-5e20d2d3e082 - asset_news - Fetching RSS for GS
[32m2025-10-13 12:19:33 +0200[0m - dagster - [34mINFO[0m - __ASSET_JOB - ae539a97-a1de-4fac-a1b5-5e20d2d3e082 - asset_news - ✓ News found for GS
[32m2025-10-13 12:19:33 +0200[0m - dagster - [34mINFO[0m - __ASSET_JOB - ae539a97-a1de-4fac-a1b5-5e20d2d3e082 - asset_news - Fetching RSS for MS
[32m2025-10-13 12:19:34 +0200[0m - dagster - [34mINFO[0m - __ASSET_JOB - ae539a97-a1de-4fac-a1b5-5e20d2d3e082 - asset_news - ✓ News found for MS
[32m2025-10-13 12:19:34 +0200[0m - dagster - [34mINFO[0m - __ASSET_JOB - ae539a97-a1de-4fac-a1b5-5e20d2d3e082 - asset_news - Fetching RSS for WFC
[32m2025-10-13 12:19:35 +0200[0m - dagster - [34mINFO[0m - __ASSET_JOB - ae539a97-a1de-4fac-a1b5-5e20d2d3e082 - asset_news - ✓ News found for WFC
[32m2025-10-13 12:19:35 +0200[0m - dagster - [34mINFO[0m - __ASSET_JOB - ae539a97-a1de-4fac-a1b5-5e20d2d3e082 - asset_news - Fetching RSS for C
[32m2025-10-13 12:19:36 +0200[0m - dagster - [34mINFO[0m - __ASSET_JOB - ae539a97-a1de-4fac-a1b5-5e20d2d3e082 - asset_news - ✓ News found for C
[32m2025-10-13 12:19:36 +0200[0m - dagster - [34mINFO[0m - __ASSET_JOB - ae539a97-a1de-4fac-a1b5-5e20d2d3e082 - asset_news - Fetching RSS for BLK
[32m2025-10-13 12:19:37 +0200[0m - dagster - [34mINFO[0m - __ASSET_JOB - ae539a97-a1de-4fac-a1b5-5e20d2d3e082 - asset_news - ✓ News found for BLK
[32m2025-10-13 12:19:38 +0200[0m - dagster - [34mINFO[0m - __ASSET_JOB - ae539a97-a1de-4fac-a1b5-5e20d2d3e082 - asset_news - Fetching RSS for V
[32m2025-10-13 12:19:38 +0200[0m - dagster - [34mINFO[0m - __ASSET_JOB - ae539a97-a1de-4fac-a1b5-5e20d2d3e082 - asset_news - ✓ News found for V
[32m2025-10-13 12:19:39 +0200[0m - dagster - [34mINFO[0m - __ASSET_JOB - ae539a97-a1de-4fac-a1b5-5e20d2d3e082 - asset_news - Fetching RSS for MA
[32m2025-10-13 12:19:40 +0200[0m - dagster - [34mINFO[0m - __ASSET_JOB - ae539a97-a1de-4fac-a1b5-5e20d2d3e082 - asset_news - ✓ News found for MA
[32m2025-10-13 12:19:40 +0200[0m - dagster - [34mINFO[0m - __ASSET_JOB - ae539a97-a1de-4fac-a1b5-5e20d2d3e082 - asset_news - Fetching RSS for AXP
[32m2025-10-13 12:19:41 +0200[0m - dagster - [34mINFO[0m - __ASSET_JOB - ae539a97-a1de-4fac-a1b5-5e20d2d3e082 - asset_news - ✓ News found for AXP
[32m2025-10-13 12:19:41 +0200[0m - dagster - [34mINFO[0m - __ASSET_JOB - ae539a97-a1de-4fac-a1b5-5e20d2d3e082 - asset_news - Retrieved 20 articles via RSS
[32m2025-10-13 12:19:41 +0200[0m - dagster - [34mDEBUG[0m - __ASSET_JOB - ae539a97-a1de-4fac-a1b5-5e20d2d3e082 - 17483 - asset_news - STEP_OUTPUT - Yielded output "result" of type "DataFrame". (Type check passed).
[32m2025-10-13 12:19:41 +0200[0m - dagster - [34mDEBUG[0m - __ASSET_JOB - ae539a97-a1de-4fac-a1b5-5e20d2d3e082 - asset_news - Writing file at: /Users/mohameddiagne/Desktop/ETL Challenge/tmpe06xgeo3/storage/asset_news using PickledObjectFilesystemIOManager...
[32m2025-10-13 12:19:41 +0200[0m - dagster - [34mDEBUG[0m - __ASSET_JOB - ae539a97-a1de-4fac-a1b5-5e20d2d3e082 - 17483 - asset_news - ASSET_MATERIALIZATION - Materialized value asset_news.
[32m2025-10-13 12:19:41 +0200[0m - dagster - [34mDEBUG[0m - __ASSET_JOB - ae539a97-a1de-4fac-a1b5-5e20d2d3e082 - 17483 - asset_news - HANDLED_OUTPUT - Handled output "result" using IO manager "io_manager"
[32m2025-10-13 12:19:41 +0200[0m - dagster - [34mDEBUG[0m - __ASSET_JOB - ae539a97-a1de-4fac-a1b5-5e20d2d3e082 - 17483 - asset_news - STEP_SUCCESS - Finished execution of step "asset_news" in 22.37s.
