[32m2025-10-13 12:39:48 +0200[0m - dagster - [34mDEBUG[0m - __ASSET_JOB - d12751fe-3a48-434f-b45d-185dc140982c - 18135 - LOGS_CAPTURED - Started capturing logs in process (pid: 18135).
[32m2025-10-13 12:39:48 +0200[0m - dagster - [34mDEBUG[0m - __ASSET_JOB - d12751fe-3a48-434f-b45d-185dc140982c - 18135 - asset_prices - STEP_START - Started execution of step "asset_prices".
[32m2025-10-13 12:39:48 +0200[0m - dagster - [34mINFO[0m - __ASSET_JOB - d12751fe-3a48-434f-b45d-185dc140982c - asset_prices - Fetching prices for 52 tickers
Failed to get ticker 'META' reason: Expecting value: line 1 column 1 (char 0)
$AAPL: possibly delisted; no price data found  (period=7d)
$AMZN: possibly delisted; no price data found  (period=7d)
Failed to get ticker 'NFLX' reason: Expecting value: line 1 column 1 (char 0)
$MSFT: possibly delisted; no price data found  (period=7d)
Failed to get ticker 'TSLA' reason: Expecting value: line 1 column 1 (char 0)
Failed to get ticker 'NVDA' reason: Expecting value: line 1 column 1 (char 0)
$GOOGL: possibly delisted; no price data found  (period=7d)
$NFLX: possibly delisted; no price data found  (period=7d)
$META: possibly delisted; no price data found  (period=7d)
$NVDA: possibly delisted; no price data found  (period=7d)
$TSLA: possibly delisted; no price data found  (period=7d)
$AAPL: possibly delisted; no price data found  (period=7d)
$AMZN: possibly delisted; no price data found  (period=7d)
Failed to get ticker 'TSLA' reason: Expecting value: line 1 column 1 (char 0)
Failed to get ticker 'NFLX' reason: Expecting value: line 1 column 1 (char 0)
Failed to get ticker 'NVDA' reason: Expecting value: line 1 column 1 (char 0)
$NFLX: possibly delisted; no price data found  (period=7d)
$GOOGL: possibly delisted; no price data found  (period=7d)
$TSLA: possibly delisted; no price data found  (period=7d)
$MSFT: possibly delisted; no price data found  (period=7d)
Failed to get ticker 'META' reason: Expecting value: line 1 column 1 (char 0)
$NVDA: possibly delisted; no price data found  (period=7d)
$META: possibly delisted; no price data found  (period=7d)
Failed to get ticker 'NFLX' reason: Expecting value: line 1 column 1 (char 0)
$NFLX: possibly delisted; no price data found  (period=7d)
[32m2025-10-13 12:39:56 +0200[0m - dagster - [34mWARNING[0m - __ASSET_JOB - d12751fe-3a48-434f-b45d-185dc140982c - asset_prices - ✗ NFLX: no data
$AMZN: possibly delisted; no price data found  (period=7d)
[32m2025-10-13 12:39:56 +0200[0m - dagster - [34mWARNING[0m - __ASSET_JOB - d12751fe-3a48-434f-b45d-185dc140982c - asset_prices - ✗ AMZN: no data
Failed to get ticker 'AMD' reason: Expecting value: line 1 column 1 (char 0)
Failed to get ticker 'NVDA' reason: Expecting value: line 1 column 1 (char 0)
Failed to get ticker 'TSLA' reason: Expecting value: line 1 column 1 (char 0)
Failed to get ticker 'META' reason: Expecting value: line 1 column 1 (char 0)
$MSFT: possibly delisted; no price data found  (period=7d)
Failed to get ticker 'INTC' reason: Expecting value: line 1 column 1 (char 0)
[32m2025-10-13 12:39:57 +0200[0m - dagster - [34mWARNING[0m - __ASSET_JOB - d12751fe-3a48-434f-b45d-185dc140982c - asset_prices - ✗ MSFT: no data
$NVDA: possibly delisted; no price data found  (period=7d)
[32m2025-10-13 12:39:57 +0200[0m - dagster - [34mWARNING[0m - __ASSET_JOB - d12751fe-3a48-434f-b45d-185dc140982c - asset_prices - ✗ NVDA: no data
$AMD: possibly delisted; no price data found  (period=7d)
$TSLA: possibly delisted; no price data found  (period=7d)
$AAPL: possibly delisted; no price data found  (period=7d)
Failed to get ticker 'JPM' reason: Expecting value: line 1 column 1 (char 0)
$META: possibly delisted; no price data found  (period=7d)
[32m2025-10-13 12:39:57 +0200[0m - dagster - [34mWARNING[0m - __ASSET_JOB - d12751fe-3a48-434f-b45d-185dc140982c - asset_prices - ✗ TSLA: no data
[32m2025-10-13 12:39:57 +0200[0m - dagster - [34mWARNING[0m - __ASSET_JOB - d12751fe-3a48-434f-b45d-185dc140982c - asset_prices - ✗ AAPL: no data
[32m2025-10-13 12:39:57 +0200[0m - dagster - [34mWARNING[0m - __ASSET_JOB - d12751fe-3a48-434f-b45d-185dc140982c - asset_prices - ✗ META: no data
$GOOGL: possibly delisted; no price data found  (period=7d)
[32m2025-10-13 12:39:58 +0200[0m - dagster - [34mWARNING[0m - __ASSET_JOB - d12751fe-3a48-434f-b45d-185dc140982c - asset_prices - ✗ GOOGL: no data
$INTC: possibly delisted; no price data found  (period=7d)
Failed to get ticker 'BAC' reason: Expecting value: line 1 column 1 (char 0)
Failed to get ticker 'GS' reason: Expecting value: line 1 column 1 (char 0)
Failed to get ticker 'MS' reason: Expecting value: line 1 column 1 (char 0)
Failed to get ticker 'C' reason: Expecting value: line 1 column 1 (char 0)
$JPM: possibly delisted; no price data found  (period=7d)
Failed to get ticker 'WFC' reason: Expecting value: line 1 column 1 (char 0)
Failed to get ticker 'AMD' reason: Expecting value: line 1 column 1 (char 0)
Failed to get ticker 'INTC' reason: Expecting value: line 1 column 1 (char 0)
$GS: possibly delisted; no price data found  (period=7d)
$WFC: possibly delisted; no price data found  (period=7d)
$C: possibly delisted; no price data found  (period=7d)
$BAC: possibly delisted; no price data found  (period=7d)
$AMD: possibly delisted; no price data found  (period=7d)
$MS: possibly delisted; no price data found  (period=7d)
$INTC: possibly delisted; no price data found  (period=7d)
Failed to get ticker 'JPM' reason: Expecting value: line 1 column 1 (char 0)
$JPM: possibly delisted; no price data found  (period=7d)
Failed to get ticker 'WFC' reason: Expecting value: line 1 column 1 (char 0)
Failed to get ticker 'GS' reason: Expecting value: line 1 column 1 (char 0)
Failed to get ticker 'C' reason: Expecting value: line 1 column 1 (char 0)
Failed to get ticker 'BAC' reason: Expecting value: line 1 column 1 (char 0)
Failed to get ticker 'MS' reason: Expecting value: line 1 column 1 (char 0)
$WFC: possibly delisted; no price data found  (period=7d)
$GS: possibly delisted; no price data found  (period=7d)
$BAC: possibly delisted; no price data found  (period=7d)
$MS: possibly delisted; no price data found  (period=7d)
$C: possibly delisted; no price data found  (period=7d)
Failed to get ticker 'INTC' reason: Expecting value: line 1 column 1 (char 0)
$INTC: possibly delisted; no price data found  (period=7d)
[32m2025-10-13 12:40:04 +0200[0m - dagster - [34mWARNING[0m - __ASSET_JOB - d12751fe-3a48-434f-b45d-185dc140982c - asset_prices - ✗ INTC: no data
Failed to get ticker 'AMD' reason: Expecting value: line 1 column 1 (char 0)
Failed to get ticker 'BLK' reason: Expecting value: line 1 column 1 (char 0)
$AMD: possibly delisted; no price data found  (period=7d)
[32m2025-10-13 12:40:05 +0200[0m - dagster - [34mWARNING[0m - __ASSET_JOB - d12751fe-3a48-434f-b45d-185dc140982c - asset_prices - ✗ AMD: no data
Failed to get ticker 'V' reason: Expecting value: line 1 column 1 (char 0)
$BLK: possibly delisted; no price data found  (period=7d)
Failed to get ticker 'JPM' reason: Expecting value: line 1 column 1 (char 0)
Failed to get ticker 'WFC' reason: Expecting value: line 1 column 1 (char 0)
Failed to get ticker 'GS' reason: Expecting value: line 1 column 1 (char 0)
$V: possibly delisted; no price data found  (period=7d)
Failed to get ticker 'BLK' reason: Expecting value: line 1 column 1 (char 0)
Failed to get ticker 'MS' reason: Expecting value: line 1 column 1 (char 0)
$GS: possibly delisted; no price data found  (period=7d)
$JPM: possibly delisted; no price data found  (period=7d)
$WFC: possibly delisted; no price data found  (period=7d)
[32m2025-10-13 12:40:07 +0200[0m - dagster - [34mWARNING[0m - __ASSET_JOB - d12751fe-3a48-434f-b45d-185dc140982c - asset_prices - ✗ GS: no data
[32m2025-10-13 12:40:07 +0200[0m - dagster - [34mWARNING[0m - __ASSET_JOB - d12751fe-3a48-434f-b45d-185dc140982c - asset_prices - ✗ JPM: no data
[32m2025-10-13 12:40:07 +0200[0m - dagster - [34mWARNING[0m - __ASSET_JOB - d12751fe-3a48-434f-b45d-185dc140982c - asset_prices - ✗ WFC: no data
Failed to get ticker 'C' reason: Expecting value: line 1 column 1 (char 0)
Failed to get ticker 'AXP' reason: Expecting value: line 1 column 1 (char 0)
Failed to get ticker 'MA' reason: Expecting value: line 1 column 1 (char 0)
$BLK: possibly delisted; no price data found  (period=7d)
Failed to get ticker 'BAC' reason: Expecting value: line 1 column 1 (char 0)
$C: possibly delisted; no price data found  (period=7d)
Failed to get ticker 'JNJ' reason: Expecting value: line 1 column 1 (char 0)
$MS: possibly delisted; no price data found  (period=7d)
[32m2025-10-13 12:40:08 +0200[0m - dagster - [34mWARNING[0m - __ASSET_JOB - d12751fe-3a48-434f-b45d-185dc140982c - asset_prices - ✗ C: no data
[32m2025-10-13 12:40:08 +0200[0m - dagster - [34mWARNING[0m - __ASSET_JOB - d12751fe-3a48-434f-b45d-185dc140982c - asset_prices - ✗ MS: no data
$AXP: possibly delisted; no price data found  (period=7d)
$MA: possibly delisted; no price data found  (period=7d)
$BAC: possibly delisted; no price data found  (period=7d)
[32m2025-10-13 12:40:08 +0200[0m - dagster - [34mWARNING[0m - __ASSET_JOB - d12751fe-3a48-434f-b45d-185dc140982c - asset_prices - ✗ BAC: no data
Failed to get ticker 'UNH' reason: Expecting value: line 1 column 1 (char 0)
Failed to get ticker 'PFE' reason: Expecting value: line 1 column 1 (char 0)
$JNJ: possibly delisted; no price data found  (period=7d)
Failed to get ticker 'V' reason: Expecting value: line 1 column 1 (char 0)
$UNH: possibly delisted; no price data found  (period=7d)
Failed to get ticker 'ABBV' reason: Expecting value: line 1 column 1 (char 0)
$V: possibly delisted; no price data found  (period=7d)
$PFE: possibly delisted; no price data found  (period=7d)
$ABBV: possibly delisted; no price data found  (period=7d)
Failed to get ticker 'MA' reason: Expecting value: line 1 column 1 (char 0)
Failed to get ticker 'JNJ' reason: Expecting value: line 1 column 1 (char 0)
Failed to get ticker 'AXP' reason: Expecting value: line 1 column 1 (char 0)
$MA: possibly delisted; no price data found  (period=7d)
Failed to get ticker 'UNH' reason: Expecting value: line 1 column 1 (char 0)
$JNJ: possibly delisted; no price data found  (period=7d)
$AXP: possibly delisted; no price data found  (period=7d)
Failed to get ticker 'BLK' reason: Expecting value: line 1 column 1 (char 0)
$UNH: possibly delisted; no price data found  (period=7d)
Failed to get ticker 'PFE' reason: Expecting value: line 1 column 1 (char 0)
Failed to get ticker 'ABBV' reason: Expecting value: line 1 column 1 (char 0)
$BLK: possibly delisted; no price data found  (period=7d)
[32m2025-10-13 12:40:12 +0200[0m - dagster - [34mWARNING[0m - __ASSET_JOB - d12751fe-3a48-434f-b45d-185dc140982c - asset_prices - ✗ BLK: no data
$PFE: possibly delisted; no price data found  (period=7d)
$ABBV: possibly delisted; no price data found  (period=7d)
Failed to get ticker 'TMO' reason: Expecting value: line 1 column 1 (char 0)
$TMO: possibly delisted; no price data found  (period=7d)
Failed to get ticker 'V' reason: Expecting value: line 1 column 1 (char 0)
$V: possibly delisted; no price data found  (period=7d)
[32m2025-10-13 12:40:13 +0200[0m - dagster - [34mWARNING[0m - __ASSET_JOB - d12751fe-3a48-434f-b45d-185dc140982c - asset_prices - ✗ V: no data
Failed to get ticker 'MRK' reason: Expecting value: line 1 column 1 (char 0)
$MRK: possibly delisted; no price data found  (period=7d)
Failed to get ticker 'MA' reason: Expecting value: line 1 column 1 (char 0)
Failed to get ticker 'TMO' reason: Expecting value: line 1 column 1 (char 0)
$MA: possibly delisted; no price data found  (period=7d)
$TMO: possibly delisted; no price data found  (period=7d)
[32m2025-10-13 12:40:15 +0200[0m - dagster - [34mWARNING[0m - __ASSET_JOB - d12751fe-3a48-434f-b45d-185dc140982c - asset_prices - ✗ MA: no data
Failed to get ticker 'UNH' reason: Expecting value: line 1 column 1 (char 0)
Failed to get ticker 'ABBV' reason: Expecting value: line 1 column 1 (char 0)
Failed to get ticker 'LLY' reason: Expecting value: line 1 column 1 (char 0)
Failed to get ticker 'AXP' reason: Expecting value: line 1 column 1 (char 0)
$ABBV: possibly delisted; no price data found  (period=7d)
$UNH: possibly delisted; no price data found  (period=7d)
$LLY: possibly delisted; no price data found  (period=7d)
[32m2025-10-13 12:40:15 +0200[0m - dagster - [34mWARNING[0m - __ASSET_JOB - d12751fe-3a48-434f-b45d-185dc140982c - asset_prices - ✗ ABBV: no data
[32m2025-10-13 12:40:15 +0200[0m - dagster - [34mWARNING[0m - __ASSET_JOB - d12751fe-3a48-434f-b45d-185dc140982c - asset_prices - ✗ UNH: no data
Failed to get ticker 'JNJ' reason: Expecting value: line 1 column 1 (char 0)
Failed to get ticker 'MRK' reason: Expecting value: line 1 column 1 (char 0)
Failed to get ticker 'PFE' reason: Expecting value: line 1 column 1 (char 0)
Failed to get ticker 'ABT' reason: Expecting value: line 1 column 1 (char 0)
$AXP: possibly delisted; no price data found  (period=7d)
Failed to get ticker 'DHR' reason: Expecting value: line 1 column 1 (char 0)
[32m2025-10-13 12:40:16 +0200[0m - dagster - [34mWARNING[0m - __ASSET_JOB - d12751fe-3a48-434f-b45d-185dc140982c - asset_prices - ✗ AXP: no data
$MRK: possibly delisted; no price data found  (period=7d)
$PFE: possibly delisted; no price data found  (period=7d)
$ABT: possibly delisted; no price data found  (period=7d)
[32m2025-10-13 12:40:16 +0200[0m - dagster - [34mWARNING[0m - __ASSET_JOB - d12751fe-3a48-434f-b45d-185dc140982c - asset_prices - ✗ PFE: no data
$JNJ: possibly delisted; no price data found  (period=7d)
Failed to get ticker 'BMY' reason: Expecting value: line 1 column 1 (char 0)
$DHR: possibly delisted; no price data found  (period=7d)
[32m2025-10-13 12:40:16 +0200[0m - dagster - [34mWARNING[0m - __ASSET_JOB - d12751fe-3a48-434f-b45d-185dc140982c - asset_prices - ✗ JNJ: no data
Failed to get ticker 'WMT' reason: Expecting value: line 1 column 1 (char 0)
Failed to get ticker 'PG' reason: Expecting value: line 1 column 1 (char 0)
$BMY: possibly delisted; no price data found  (period=7d)
Failed to get ticker 'LLY' reason: Expecting value: line 1 column 1 (char 0)
$PG: possibly delisted; no price data found  (period=7d)
$WMT: possibly delisted; no price data found  (period=7d)
$LLY: possibly delisted; no price data found  (period=7d)
Failed to get ticker 'ABT' reason: Expecting value: line 1 column 1 (char 0)
$ABT: possibly delisted; no price data found  (period=7d)
Failed to get ticker 'DHR' reason: Expecting value: line 1 column 1 (char 0)
Failed to get ticker 'TMO' reason: Expecting value: line 1 column 1 (char 0)
$DHR: possibly delisted; no price data found  (period=7d)
Failed to get ticker 'BMY' reason: Expecting value: line 1 column 1 (char 0)
$TMO: possibly delisted; no price data found  (period=7d)
[32m2025-10-13 12:40:19 +0200[0m - dagster - [34mWARNING[0m - __ASSET_JOB - d12751fe-3a48-434f-b45d-185dc140982c - asset_prices - ✗ TMO: no data
$BMY: possibly delisted; no price data found  (period=7d)
Failed to get ticker 'KO' reason: Expecting value: line 1 column 1 (char 0)
Failed to get ticker 'PG' reason: Expecting value: line 1 column 1 (char 0)
Failed to get ticker 'WMT' reason: Expecting value: line 1 column 1 (char 0)
$KO: possibly delisted; no price data found  (period=7d)
$PG: possibly delisted; no price data found  (period=7d)
$WMT: possibly delisted; no price data found  (period=7d)
Failed to get ticker 'MRK' reason: Expecting value: line 1 column 1 (char 0)
$MRK: possibly delisted; no price data found  (period=7d)
[32m2025-10-13 12:40:21 +0200[0m - dagster - [34mWARNING[0m - __ASSET_JOB - d12751fe-3a48-434f-b45d-185dc140982c - asset_prices - ✗ MRK: no data
Failed to get ticker 'PEP' reason: Expecting value: line 1 column 1 (char 0)
Failed to get ticker 'KO' reason: Expecting value: line 1 column 1 (char 0)
Failed to get ticker 'LLY' reason: Expecting value: line 1 column 1 (char 0)
$PEP: possibly delisted; no price data found  (period=7d)
$LLY: possibly delisted; no price data found  (period=7d)
$KO: possibly delisted; no price data found  (period=7d)
[32m2025-10-13 12:40:23 +0200[0m - dagster - [34mWARNING[0m - __ASSET_JOB - d12751fe-3a48-434f-b45d-185dc140982c - asset_prices - ✗ LLY: no data
Failed to get ticker 'BMY' reason: Expecting value: line 1 column 1 (char 0)
Failed to get ticker 'DHR' reason: Expecting value: line 1 column 1 (char 0)
Failed to get ticker 'ABT' reason: Expecting value: line 1 column 1 (char 0)
Failed to get ticker 'NKE' reason: Expecting value: line 1 column 1 (char 0)
$ABT: possibly delisted; no price data found  (period=7d)
$BMY: possibly delisted; no price data found  (period=7d)
$DHR: possibly delisted; no price data found  (period=7d)
[32m2025-10-13 12:40:24 +0200[0m - dagster - [34mWARNING[0m - __ASSET_JOB - d12751fe-3a48-434f-b45d-185dc140982c - asset_prices - ✗ ABT: no data
[32m2025-10-13 12:40:24 +0200[0m - dagster - [34mWARNING[0m - __ASSET_JOB - d12751fe-3a48-434f-b45d-185dc140982c - asset_prices - ✗ BMY: no data
[32m2025-10-13 12:40:24 +0200[0m - dagster - [34mWARNING[0m - __ASSET_JOB - d12751fe-3a48-434f-b45d-185dc140982c - asset_prices - ✗ DHR: no data
$NKE: possibly delisted; no price data found  (period=7d)
Failed to get ticker 'PG' reason: Expecting value: line 1 column 1 (char 0)
Failed to get ticker 'COST' reason: Expecting value: line 1 column 1 (char 0)
Failed to get ticker 'HD' reason: Expecting value: line 1 column 1 (char 0)
$MCD: possibly delisted; no price data found  (period=7d)
$PG: possibly delisted; no price data found  (period=7d)
[32m2025-10-13 12:40:24 +0200[0m - dagster - [34mWARNING[0m - __ASSET_JOB - d12751fe-3a48-434f-b45d-185dc140982c - asset_prices - ✗ PG: no data
Failed to get ticker 'WMT' reason: Expecting value: line 1 column 1 (char 0)
$COST: possibly delisted; no price data found  (period=7d)
$HD: possibly delisted; no price data found  (period=7d)
$WMT: possibly delisted; no price data found  (period=7d)
Failed to get ticker 'SBUX' reason: Expecting value: line 1 column 1 (char 0)
[32m2025-10-13 12:40:25 +0200[0m - dagster - [34mWARNING[0m - __ASSET_JOB - d12751fe-3a48-434f-b45d-185dc140982c - asset_prices - ✗ WMT: no data
$SBUX: possibly delisted; no price data found  (period=7d)
Failed to get ticker 'DIS' reason: Expecting value: line 1 column 1 (char 0)
Failed to get ticker 'PEP' reason: Expecting value: line 1 column 1 (char 0)
$DIS: possibly delisted; no price data found  (period=7d)
$PEP: possibly delisted; no price data found  (period=7d)
Failed to get ticker 'NKE' reason: Expecting value: line 1 column 1 (char 0)
$NKE: possibly delisted; no price data found  (period=7d)
Failed to get ticker 'HD' reason: Expecting value: line 1 column 1 (char 0)
$MCD: possibly delisted; no price data found  (period=7d)
Failed to get ticker 'SBUX' reason: Expecting value: line 1 column 1 (char 0)
Failed to get ticker 'COST' reason: Expecting value: line 1 column 1 (char 0)
$HD: possibly delisted; no price data found  (period=7d)
$COST: possibly delisted; no price data found  (period=7d)
$SBUX: possibly delisted; no price data found  (period=7d)
Failed to get ticker 'DIS' reason: Expecting value: line 1 column 1 (char 0)
Failed to get ticker 'KO' reason: Expecting value: line 1 column 1 (char 0)
$DIS: possibly delisted; no price data found  (period=7d)
$KO: possibly delisted; no price data found  (period=7d)
[32m2025-10-13 12:40:28 +0200[0m - dagster - [34mWARNING[0m - __ASSET_JOB - d12751fe-3a48-434f-b45d-185dc140982c - asset_prices - ✗ KO: no data
Failed to get ticker 'XOM' reason: Expecting value: line 1 column 1 (char 0)
$XOM: possibly delisted; no price data found  (period=7d)
Failed to get ticker 'PEP' reason: Expecting value: line 1 column 1 (char 0)
Failed to get ticker 'NKE' reason: Expecting value: line 1 column 1 (char 0)
$PEP: possibly delisted; no price data found  (period=7d)
[32m2025-10-13 12:40:30 +0200[0m - dagster - [34mWARNING[0m - __ASSET_JOB - d12751fe-3a48-434f-b45d-185dc140982c - asset_prices - ✗ PEP: no data
$NKE: possibly delisted; no price data found  (period=7d)
[32m2025-10-13 12:40:30 +0200[0m - dagster - [34mWARNING[0m - __ASSET_JOB - d12751fe-3a48-434f-b45d-185dc140982c - asset_prices - ✗ NKE: no data
Failed to get ticker 'CVX' reason: Expecting value: line 1 column 1 (char 0)
Failed to get ticker 'COP' reason: Expecting value: line 1 column 1 (char 0)
$CVX: possibly delisted; no price data found  (period=7d)
$COP: possibly delisted; no price data found  (period=7d)
Failed to get ticker 'HD' reason: Expecting value: line 1 column 1 (char 0)
Failed to get ticker 'XOM' reason: Expecting value: line 1 column 1 (char 0)
Failed to get ticker 'SBUX' reason: Expecting value: line 1 column 1 (char 0)
$HD: possibly delisted; no price data found  (period=7d)
[32m2025-10-13 12:40:31 +0200[0m - dagster - [34mWARNING[0m - __ASSET_JOB - d12751fe-3a48-434f-b45d-185dc140982c - asset_prices - ✗ HD: no data
Failed to get ticker 'COST' reason: Expecting value: line 1 column 1 (char 0)
$XOM: possibly delisted; no price data found  (period=7d)
$SBUX: possibly delisted; no price data found  (period=7d)
[32m2025-10-13 12:40:31 +0200[0m - dagster - [34mWARNING[0m - __ASSET_JOB - d12751fe-3a48-434f-b45d-185dc140982c - asset_prices - ✗ SBUX: no data
Failed to get ticker 'DIS' reason: Expecting value: line 1 column 1 (char 0)
Failed to get ticker 'SLB' reason: Expecting value: line 1 column 1 (char 0)
$MCD: possibly delisted; no price data found  (period=7d)
$COST: possibly delisted; no price data found  (period=7d)
[32m2025-10-13 12:40:32 +0200[0m - dagster - [34mWARNING[0m - __ASSET_JOB - d12751fe-3a48-434f-b45d-185dc140982c - asset_prices - ✗ MCD: no data
[32m2025-10-13 12:40:32 +0200[0m - dagster - [34mWARNING[0m - __ASSET_JOB - d12751fe-3a48-434f-b45d-185dc140982c - asset_prices - ✗ COST: no data
$DIS: possibly delisted; no price data found  (period=7d)
Failed to get ticker 'EOG' reason: Expecting value: line 1 column 1 (char 0)
[32m2025-10-13 12:40:32 +0200[0m - dagster - [34mWARNING[0m - __ASSET_JOB - d12751fe-3a48-434f-b45d-185dc140982c - asset_prices - ✗ DIS: no data
Failed to get ticker 'COP' reason: Expecting value: line 1 column 1 (char 0)
Failed to get ticker 'QQQ' reason: Expecting value: line 1 column 1 (char 0)
$SLB: possibly delisted; no price data found  (period=7d)
Failed to get ticker 'SPY' reason: Expecting value: line 1 column 1 (char 0)
Failed to get ticker 'CVX' reason: Expecting value: line 1 column 1 (char 0)
$COP: possibly delisted; no price data found  (period=7d)
Failed to get ticker 'DIA' reason: Expecting value: line 1 column 1 (char 0)
$EOG: possibly delisted; no price data found  (period=7d)
$QQQ: possibly delisted; no price data found  (period=7d)
$CVX: possibly delisted; no price data found  (period=7d)
$SPY: possibly delisted; no price data found  (period=7d)
$DIA: possibly delisted; no price data found  (period=7d)
Failed to get ticker 'SLB' reason: Expecting value: line 1 column 1 (char 0)
$SLB: possibly delisted; no price data found  (period=7d)
Failed to get ticker 'EOG' reason: Expecting value: line 1 column 1 (char 0)
$EOG: possibly delisted; no price data found  (period=7d)
Failed to get ticker 'SPY' reason: Expecting value: line 1 column 1 (char 0)
$SPY: possibly delisted; no price data found  (period=7d)
Failed to get ticker 'QQQ' reason: Expecting value: line 1 column 1 (char 0)
Failed to get ticker 'DIA' reason: Expecting value: line 1 column 1 (char 0)
Failed to get ticker 'XOM' reason: Expecting value: line 1 column 1 (char 0)
$QQQ: possibly delisted; no price data found  (period=7d)
$DIA: possibly delisted; no price data found  (period=7d)
$XOM: possibly delisted; no price data found  (period=7d)
[32m2025-10-13 12:40:36 +0200[0m - dagster - [34mWARNING[0m - __ASSET_JOB - d12751fe-3a48-434f-b45d-185dc140982c - asset_prices - ✗ XOM: no data
Failed to get ticker 'IWM' reason: Expecting value: line 1 column 1 (char 0)
$IWM: possibly delisted; no price data found  (period=7d)
Failed to get ticker 'CVX' reason: Expecting value: line 1 column 1 (char 0)
Failed to get ticker 'COP' reason: Expecting value: line 1 column 1 (char 0)
$CVX: possibly delisted; no price data found  (period=7d)
[32m2025-10-13 12:40:38 +0200[0m - dagster - [34mWARNING[0m - __ASSET_JOB - d12751fe-3a48-434f-b45d-185dc140982c - asset_prices - ✗ CVX: no data
$COP: possibly delisted; no price data found  (period=7d)
[32m2025-10-13 12:40:38 +0200[0m - dagster - [34mWARNING[0m - __ASSET_JOB - d12751fe-3a48-434f-b45d-185dc140982c - asset_prices - ✗ COP: no data
Failed to get ticker 'VTI' reason: Expecting value: line 1 column 1 (char 0)
$BTC-USD: possibly delisted; no price data found  (period=7d)
Failed to get ticker 'IWM' reason: Expecting value: line 1 column 1 (char 0)
Failed to get ticker 'SLB' reason: Expecting value: line 1 column 1 (char 0)
$VTI: possibly delisted; no price data found  (period=7d)
Failed to get ticker 'EOG' reason: Expecting value: line 1 column 1 (char 0)
$IWM: possibly delisted; no price data found  (period=7d)
$SLB: possibly delisted; no price data found  (period=7d)
[32m2025-10-13 12:40:39 +0200[0m - dagster - [34mWARNING[0m - __ASSET_JOB - d12751fe-3a48-434f-b45d-185dc140982c - asset_prices - ✗ SLB: no data
$ETH-USD: possibly delisted; no price data found  (period=7d)
$EOG: possibly delisted; no price data found  (period=7d)
[32m2025-10-13 12:40:39 +0200[0m - dagster - [34mWARNING[0m - __ASSET_JOB - d12751fe-3a48-434f-b45d-185dc140982c - asset_prices - ✗ EOG: no data
Failed to get ticker 'QQQ' reason: Expecting value: line 1 column 1 (char 0)
Failed to get ticker 'SPY' reason: Expecting value: line 1 column 1 (char 0)
Failed to get ticker 'DIA' reason: Expecting value: line 1 column 1 (char 0)
$SPY: possibly delisted; no price data found  (period=7d)
$QQQ: possibly delisted; no price data found  (period=7d)
[32m2025-10-13 12:40:40 +0200[0m - dagster - [34mWARNING[0m - __ASSET_JOB - d12751fe-3a48-434f-b45d-185dc140982c - asset_prices - ✗ SPY: no data
[32m2025-10-13 12:40:40 +0200[0m - dagster - [34mWARNING[0m - __ASSET_JOB - d12751fe-3a48-434f-b45d-185dc140982c - asset_prices - ✗ QQQ: no data
$BTC-USD: possibly delisted; no price data found  (period=7d)
$DIA: possibly delisted; no price data found  (period=7d)
[32m2025-10-13 12:40:40 +0200[0m - dagster - [34mWARNING[0m - __ASSET_JOB - d12751fe-3a48-434f-b45d-185dc140982c - asset_prices - ✗ DIA: no data
Failed to get ticker 'VTI' reason: Expecting value: line 1 column 1 (char 0)
$ETH-USD: possibly delisted; no price data found  (period=7d)
$VTI: possibly delisted; no price data found  (period=7d)
Failed to get ticker 'IWM' reason: Expecting value: line 1 column 1 (char 0)
$IWM: possibly delisted; no price data found  (period=7d)
[32m2025-10-13 12:40:43 +0200[0m - dagster - [34mWARNING[0m - __ASSET_JOB - d12751fe-3a48-434f-b45d-185dc140982c - asset_prices - ✗ IWM: no data
Failed to get ticker 'VTI' reason: Expecting value: line 1 column 1 (char 0)
$BTC-USD: possibly delisted; no price data found  (period=7d)
$VTI: possibly delisted; no price data found  (period=7d)
[32m2025-10-13 12:40:45 +0200[0m - dagster - [34mWARNING[0m - __ASSET_JOB - d12751fe-3a48-434f-b45d-185dc140982c - asset_prices - ✗ BTC-USD: no data
[32m2025-10-13 12:40:45 +0200[0m - dagster - [34mWARNING[0m - __ASSET_JOB - d12751fe-3a48-434f-b45d-185dc140982c - asset_prices - ✗ VTI: no data
$ETH-USD: possibly delisted; no price data found  (period=7d)
[32m2025-10-13 12:40:45 +0200[0m - dagster - [34mWARNING[0m - __ASSET_JOB - d12751fe-3a48-434f-b45d-185dc140982c - asset_prices - ✗ ETH-USD: no data
[32m2025-10-13 12:40:45 +0200[0m - dagster - [34mERROR[0m - [31m__ASSET_JOB - d12751fe-3a48-434f-b45d-185dc140982c - 18135 - asset_prices - STEP_FAILURE - Execution of step "asset_prices" failed.

dagster._core.errors.DagsterExecutionStepExecutionError: Error occurred while executing op "asset_prices"::

RuntimeError: No price data retrieved

Stack Trace:
  File "/Users/mohameddiagne/Desktop/ETL Challenge/.venv/lib/python3.11/site-packages/dagster/_core/execution/plan/utils.py", line 54, in op_execution_error_boundary
    yield
  File "/Users/mohameddiagne/Desktop/ETL Challenge/.venv/lib/python3.11/site-packages/dagster/_utils/__init__.py", line 467, in iterate_with_context
    next_output = next(iterator)
                  ^^^^^^^^^^^^^^
  File "/Users/mohameddiagne/Desktop/ETL Challenge/.venv/lib/python3.11/site-packages/dagster/_core/execution/plan/compute_generator.py", line 131, in _coerce_op_compute_fn_to_iterator
    result = invoke_compute_fn(
             ^^^^^^^^^^^^^^^^^^
  File "/Users/mohameddiagne/Desktop/ETL Challenge/.venv/lib/python3.11/site-packages/dagster/_core/execution/plan/compute_generator.py", line 125, in invoke_compute_fn
    return fn(context, **args_to_pass) if context_arg_provided else fn(**args_to_pass)
           ^^^^^^^^^^^^^^^^^^^^^^^^^^^
  File "/Users/mohameddiagne/Desktop/ETL Challenge/market_etl_pipeline/assets/prices.py", line 124, in asset_prices
    raise RuntimeError("No price data retrieved")
[0m
