[32m2025-10-13 12:26:15 +0200[0m - dagster - [34mDEBUG[0m - __ASSET_JOB - 0f62c75b-67e1-4753-89f0-f35b8685f903 - 17732 - LOGS_CAPTURED - Started capturing logs in process (pid: 17732).
[32m2025-10-13 12:26:15 +0200[0m - dagster - [34mDEBUG[0m - __ASSET_JOB - 0f62c75b-67e1-4753-89f0-f35b8685f903 - 17732 - asset_news - STEP_START - Started execution of step "asset_news".
[32m2025-10-13 12:26:15 +0200[0m - dagster - [34mINFO[0m - __ASSET_JOB - 0f62c75b-67e1-4753-89f0-f35b8685f903 - asset_news - Fetching RSS for AAPL
[32m2025-10-13 12:26:15 +0200[0m - dagster - [34mINFO[0m - __ASSET_JOB - 0f62c75b-67e1-4753-89f0-f35b8685f903 - asset_news - ✓ News found for AAPL
[32m2025-10-13 12:26:16 +0200[0m - dagster - [34mINFO[0m - __ASSET_JOB - 0f62c75b-67e1-4753-89f0-f35b8685f903 - asset_news - Fetching RSS for MSFT
[32m2025-10-13 12:26:16 +0200[0m - dagster - [34mINFO[0m - __ASSET_JOB - 0f62c75b-67e1-4753-89f0-f35b8685f903 - asset_news - ✓ News found for MSFT
[32m2025-10-13 12:26:17 +0200[0m - dagster - [34mINFO[0m - __ASSET_JOB - 0f62c75b-67e1-4753-89f0-f35b8685f903 - asset_news - Fetching RSS for GOOGL
[32m2025-10-13 12:26:17 +0200[0m - dagster - [34mINFO[0m - __ASSET_JOB - 0f62c75b-67e1-4753-89f0-f35b8685f903 - asset_news - ✓ News found for GOOGL
[32m2025-10-13 12:26:18 +0200[0m - dagster - [34mINFO[0m - __ASSET_JOB - 0f62c75b-67e1-4753-89f0-f35b8685f903 - asset_news - Fetching RSS for AMZN
[32m2025-10-13 12:26:18 +0200[0m - dagster - [34mINFO[0m - __ASSET_JOB - 0f62c75b-67e1-4753-89f0-f35b8685f903 - asset_news - ✓ News found for AMZN
[32m2025-10-13 12:26:19 +0200[0m - dagster - [34mINFO[0m - __ASSET_JOB - 0f62c75b-67e1-4753-89f0-f35b8685f903 - asset_news - Fetching RSS for META
[32m2025-10-13 12:26:19 +0200[0m - dagster - [34mINFO[0m - __ASSET_JOB - 0f62c75b-67e1-4753-89f0-f35b8685f903 - asset_news - ✓ News found for META
[32m2025-10-13 12:26:20 +0200[0m - dagster - [34mINFO[0m - __ASSET_JOB - 0f62c75b-67e1-4753-89f0-f35b8685f903 - asset_news - Fetching RSS for NVDA
[32m2025-10-13 12:26:20 +0200[0m - dagster - [34mINFO[0m - __ASSET_JOB - 0f62c75b-67e1-4753-89f0-f35b8685f903 - asset_news - ✓ News found for NVDA
[32m2025-10-13 12:26:21 +0200[0m - dagster - [34mINFO[0m - __ASSET_JOB - 0f62c75b-67e1-4753-89f0-f35b8685f903 - asset_news - Fetching RSS for TSLA
[32m2025-10-13 12:26:22 +0200[0m - dagster - [34mINFO[0m - __ASSET_JOB - 0f62c75b-67e1-4753-89f0-f35b8685f903 - asset_news - ✓ News found for TSLA
[32m2025-10-13 12:26:22 +0200[0m - dagster - [34mINFO[0m - __ASSET_JOB - 0f62c75b-67e1-4753-89f0-f35b8685f903 - asset_news - Fetching RSS for NFLX
[32m2025-10-13 12:26:23 +0200[0m - dagster - [34mINFO[0m - __ASSET_JOB - 0f62c75b-67e1-4753-89f0-f35b8685f903 - asset_news - ✓ News found for NFLX
[32m2025-10-13 12:26:23 +0200[0m - dagster - [34mINFO[0m - __ASSET_JOB - 0f62c75b-67e1-4753-89f0-f35b8685f903 - asset_news - Fetching RSS for AMD
[32m2025-10-13 12:26:24 +0200[0m - dagster - [34mINFO[0m - __ASSET_JOB - 0f62c75b-67e1-4753-89f0-f35b8685f903 - asset_news - ✓ News found for AMD
[32m2025-10-13 12:26:24 +0200[0m - dagster - [34mINFO[0m - __ASSET_JOB - 0f62c75b-67e1-4753-89f0-f35b8685f903 - asset_news - Fetching RSS for INTC
[32m2025-10-13 12:26:25 +0200[0m - dagster - [34mINFO[0m - __ASSET_JOB - 0f62c75b-67e1-4753-89f0-f35b8685f903 - asset_news - ✓ News found for INTC
[32m2025-10-13 12:26:26 +0200[0m - dagster - [34mINFO[0m - __ASSET_JOB - 0f62c75b-67e1-4753-89f0-f35b8685f903 - asset_news - Fetching RSS for JPM
[32m2025-10-13 12:26:27 +0200[0m - dagster - [34mINFO[0m - __ASSET_JOB - 0f62c75b-67e1-4753-89f0-f35b8685f903 - asset_news - ✓ News found for JPM
[32m2025-10-13 12:26:27 +0200[0m - dagster - [34mINFO[0m - __ASSET_JOB - 0f62c75b-67e1-4753-89f0-f35b8685f903 - asset_news - Fetching RSS for BAC
[32m2025-10-13 12:26:27 +0200[0m - dagster - [34mINFO[0m - __ASSET_JOB - 0f62c75b-67e1-4753-89f0-f35b8685f903 - asset_news - ✓ News found for BAC
[32m2025-10-13 12:26:28 +0200[0m - dagster - [34mINFO[0m - __ASSET_JOB - 0f62c75b-67e1-4753-89f0-f35b8685f903 - asset_news - Fetching RSS for GS
[32m2025-10-13 12:26:29 +0200[0m - dagster - [34mINFO[0m - __ASSET_JOB - 0f62c75b-67e1-4753-89f0-f35b8685f903 - asset_news - ✓ News found for GS
[32m2025-10-13 12:26:29 +0200[0m - dagster - [34mINFO[0m - __ASSET_JOB - 0f62c75b-67e1-4753-89f0-f35b8685f903 - asset_news - Fetching RSS for MS
[32m2025-10-13 12:26:30 +0200[0m - dagster - [34mINFO[0m - __ASSET_JOB - 0f62c75b-67e1-4753-89f0-f35b8685f903 - asset_news - ✓ News found for MS
[32m2025-10-13 12:26:30 +0200[0m - dagster - [34mINFO[0m - __ASSET_JOB - 0f62c75b-67e1-4753-89f0-f35b8685f903 - asset_news - Fetching RSS for WFC
[32m2025-10-13 12:26:31 +0200[0m - dagster - [34mINFO[0m - __ASSET_JOB - 0f62c75b-67e1-4753-89f0-f35b8685f903 - asset_news - ✓ News found for WFC
[32m2025-10-13 12:26:31 +0200[0m - dagster - [34mINFO[0m - __ASSET_JOB - 0f62c75b-67e1-4753-89f0-f35b8685f903 - asset_news - Fetching RSS for C
[32m2025-10-13 12:26:32 +0200[0m - dagster - [34mINFO[0m - __ASSET_JOB - 0f62c75b-67e1-4753-89f0-f35b8685f903 - asset_news - ✓ News found for C
[32m2025-10-13 12:26:32 +0200[0m - dagster - [34mINFO[0m - __ASSET_JOB - 0f62c75b-67e1-4753-89f0-f35b8685f903 - asset_news - Fetching RSS for BLK
[32m2025-10-13 12:26:33 +0200[0m - dagster - [34mINFO[0m - __ASSET_JOB - 0f62c75b-67e1-4753-89f0-f35b8685f903 - asset_news - ✓ News found for BLK
[32m2025-10-13 12:26:33 +0200[0m - dagster - [34mINFO[0m - __ASSET_JOB - 0f62c75b-67e1-4753-89f0-f35b8685f903 - asset_news - Fetching RSS for V
[32m2025-10-13 12:26:34 +0200[0m - dagster - [34mINFO[0m - __ASSET_JOB - 0f62c75b-67e1-4753-89f0-f35b8685f903 - asset_news - ✓ News found for V
[32m2025-10-13 12:26:34 +0200[0m - dagster - [34mINFO[0m - __ASSET_JOB - 0f62c75b-67e1-4753-89f0-f35b8685f903 - asset_news - Fetching RSS for MA
[32m2025-10-13 12:26:35 +0200[0m - dagster - [34mINFO[0m - __ASSET_JOB - 0f62c75b-67e1-4753-89f0-f35b8685f903 - asset_news - ✓ News found for MA
[32m2025-10-13 12:26:35 +0200[0m - dagster - [34mINFO[0m - __ASSET_JOB - 0f62c75b-67e1-4753-89f0-f35b8685f903 - asset_news - Fetching RSS for AXP
[32m2025-10-13 12:26:36 +0200[0m - dagster - [34mINFO[0m - __ASSET_JOB - 0f62c75b-67e1-4753-89f0-f35b8685f903 - asset_news - ✓ News found for AXP
[32m2025-10-13 12:26:36 +0200[0m - dagster - [34mINFO[0m - __ASSET_JOB - 0f62c75b-67e1-4753-89f0-f35b8685f903 - asset_news - Retrieved 20 articles via RSS
[32m2025-10-13 12:26:36 +0200[0m - dagster - [34mDEBUG[0m - __ASSET_JOB - 0f62c75b-67e1-4753-89f0-f35b8685f903 - 17732 - asset_news - STEP_OUTPUT - Yielded output "result" of type "DataFrame". (Type check passed).
[32m2025-10-13 12:26:36 +0200[0m - dagster - [34mDEBUG[0m - __ASSET_JOB - 0f62c75b-67e1-4753-89f0-f35b8685f903 - asset_news - Writing file at: /Users/mohameddiagne/Desktop/ETL Challenge/tmpmw3i0puc/storage/asset_news using PickledObjectFilesystemIOManager...
[32m2025-10-13 12:26:36 +0200[0m - dagster - [34mDEBUG[0m - __ASSET_JOB - 0f62c75b-67e1-4753-89f0-f35b8685f903 - 17732 - asset_news - ASSET_MATERIALIZATION - Materialized value asset_news.
[32m2025-10-13 12:26:36 +0200[0m - dagster - [34mDEBUG[0m - __ASSET_JOB - 0f62c75b-67e1-4753-89f0-f35b8685f903 - 17732 - asset_news - HANDLED_OUTPUT - Handled output "result" using IO manager "io_manager"
[32m2025-10-13 12:26:36 +0200[0m - dagster - [34mDEBUG[0m - __ASSET_JOB - 0f62c75b-67e1-4753-89f0-f35b8685f903 - 17732 - asset_news - STEP_SUCCESS - Finished execution of step "asset_news" in 21.77s.
