[32m2025-10-13 12:26:15 +0200[0m - dagster - [34mDEBUG[0m - __ASSET_JOB - 0f62c75b-67e1-4753-89f0-f35b8685f903 - 17733 - LOGS_CAPTURED - Started capturing logs in process (pid: 17733).
[32m2025-10-13 12:26:15 +0200[0m - dagster - [34mDEBUG[0m - __ASSET_JOB - 0f62c75b-67e1-4753-89f0-f35b8685f903 - 17733 - asset_prices - STEP_START - Started execution of step "asset_prices".
[32m2025-10-13 12:26:15 +0200[0m - dagster - [34mINFO[0m - __ASSET_JOB - 0f62c75b-67e1-4753-89f0-f35b8685f903 - asset_prices - Fetching prices for 52 tickers
[32m2025-10-13 12:26:15 +0200[0m - dagster - [34mINFO[0m - __ASSET_JOB - 0f62c75b-67e1-4753-89f0-f35b8685f903 - asset_prices - Batch 1: 15 tickers
Failed to get ticker 'WFC' reason: Expecting value: line 1 column 1 (char 0)
Failed to get ticker 'TSLA' reason: Expecting value: line 1 column 1 (char 0)
Failed to get ticker 'AMD' reason: Expecting value: line 1 column 1 (char 0)
Failed to get ticker 'INTC' reason: Expecting value: line 1 column 1 (char 0)
Failed to get ticker 'GS' reason: Expecting value: line 1 column 1 (char 0)
Failed to get ticker 'JPM' reason: Expecting value: line 1 column 1 (char 0)
Failed to get ticker 'MS' reason: Expecting value: line 1 column 1 (char 0)
Failed to get ticker 'NVDA' reason: Expecting value: line 1 column 1 (char 0)
Failed to get ticker 'META' reason: Expecting value: line 1 column 1 (char 0)
Failed to get ticker 'NFLX' reason: Expecting value: line 1 column 1 (char 0)
Failed to get ticker 'BAC' reason: Expecting value: line 1 column 1 (char 0)

15 Failed downloads:
['MSFT', 'GOOGL', 'AMZN', 'WFC', 'TSLA', 'INTC', 'AMD', 'GS', 'JPM', 'AAPL', 'MS', 'BAC', 'NVDA', 'META', 'NFLX']: JSONDecodeError('Expecting value: line 1 column 1 (char 0)')
Failed to get ticker 'TSLA' reason: Expecting value: line 1 column 1 (char 0)
Failed to get ticker 'WFC' reason: Expecting value: line 1 column 1 (char 0)
Failed to get ticker 'AMD' reason: Expecting value: line 1 column 1 (char 0)
Failed to get ticker 'JPM' reason: Expecting value: line 1 column 1 (char 0)
Failed to get ticker 'INTC' reason: Expecting value: line 1 column 1 (char 0)
Failed to get ticker 'GS' reason: Expecting value: line 1 column 1 (char 0)
Failed to get ticker 'MS' reason: Expecting value: line 1 column 1 (char 0)
Failed to get ticker 'NFLX' reason: Expecting value: line 1 column 1 (char 0)
Failed to get ticker 'BAC' reason: Expecting value: line 1 column 1 (char 0)
Failed to get ticker 'META' reason: Expecting value: line 1 column 1 (char 0)
Failed to get ticker 'NVDA' reason: Expecting value: line 1 column 1 (char 0)

15 Failed downloads:
['WFC', 'TSLA', 'INTC', 'AMD', 'GOOGL', 'GS', 'MSFT', 'JPM', 'AAPL', 'BAC', 'NFLX', 'META', 'MS', 'NVDA', 'AMZN']: JSONDecodeError('Expecting value: line 1 column 1 (char 0)')
Failed to get ticker 'TSLA' reason: Expecting value: line 1 column 1 (char 0)
Failed to get ticker 'AMD' reason: Expecting value: line 1 column 1 (char 0)
Failed to get ticker 'JPM' reason: Expecting value: line 1 column 1 (char 0)
Failed to get ticker 'INTC' reason: Expecting value: line 1 column 1 (char 0)
Failed to get ticker 'WFC' reason: Expecting value: line 1 column 1 (char 0)
Failed to get ticker 'GS' reason: Expecting value: line 1 column 1 (char 0)
Failed to get ticker 'MS' reason: Expecting value: line 1 column 1 (char 0)
Failed to get ticker 'NFLX' reason: Expecting value: line 1 column 1 (char 0)
Failed to get ticker 'BAC' reason: Expecting value: line 1 column 1 (char 0)
Failed to get ticker 'META' reason: Expecting value: line 1 column 1 (char 0)
Failed to get ticker 'NVDA' reason: Expecting value: line 1 column 1 (char 0)

15 Failed downloads:
['INTC', 'AMD', 'MSFT', 'GS', 'TSLA', 'WFC', 'GOOGL', 'JPM', 'META', 'AMZN', 'NFLX', 'MS', 'NVDA', 'BAC', 'AAPL']: JSONDecodeError('Expecting value: line 1 column 1 (char 0)')
[32m2025-10-13 12:26:22 +0200[0m - dagster - [34mINFO[0m - __ASSET_JOB - 0f62c75b-67e1-4753-89f0-f35b8685f903 - asset_prices - Batch 2: 15 tickers
Failed to get ticker 'LLY' reason: Expecting value: line 1 column 1 (char 0)
Failed to get ticker 'MA' reason: Expecting value: line 1 column 1 (char 0)
Failed to get ticker 'TMO' reason: Expecting value: line 1 column 1 (char 0)
Failed to get ticker 'V' reason: Expecting value: line 1 column 1 (char 0)
Failed to get ticker 'BLK' reason: Expecting value: line 1 column 1 (char 0)
Failed to get ticker 'MRK' reason: Expecting value: line 1 column 1 (char 0)
Failed to get ticker 'ABT' reason: Expecting value: line 1 column 1 (char 0)
Failed to get ticker 'JNJ' reason: Expecting value: line 1 column 1 (char 0)
Failed to get ticker 'AXP' reason: Expecting value: line 1 column 1 (char 0)
Failed to get ticker 'BMY' reason: Expecting value: line 1 column 1 (char 0)
Failed to get ticker 'ABBV' reason: Expecting value: line 1 column 1 (char 0)
Failed to get ticker 'C' reason: Expecting value: line 1 column 1 (char 0)
Failed to get ticker 'PFE' reason: Expecting value: line 1 column 1 (char 0)
Failed to get ticker 'DHR' reason: Expecting value: line 1 column 1 (char 0)
Failed to get ticker 'UNH' reason: Expecting value: line 1 column 1 (char 0)

15 Failed downloads:
['TMO', 'V', 'MRK', 'MA', 'JNJ', 'BLK', 'LLY', 'ABT', 'AXP', 'DHR', 'PFE', 'UNH', 'ABBV', 'C', 'BMY']: JSONDecodeError('Expecting value: line 1 column 1 (char 0)')
Failed to get ticker 'MRK' reason: Expecting value: line 1 column 1 (char 0)
Failed to get ticker 'ABT' reason: Expecting value: line 1 column 1 (char 0)
Failed to get ticker 'BLK' reason: Expecting value: line 1 column 1 (char 0)
Failed to get ticker 'JNJ' reason: Expecting value: line 1 column 1 (char 0)
Failed to get ticker 'TMO' reason: Expecting value: line 1 column 1 (char 0)
Failed to get ticker 'MA' reason: Expecting value: line 1 column 1 (char 0)
Failed to get ticker 'V' reason: Expecting value: line 1 column 1 (char 0)
Failed to get ticker 'LLY' reason: Expecting value: line 1 column 1 (char 0)
Failed to get ticker 'AXP' reason: Expecting value: line 1 column 1 (char 0)
Failed to get ticker 'C' reason: Expecting value: line 1 column 1 (char 0)
Failed to get ticker 'PFE' reason: Expecting value: line 1 column 1 (char 0)
Failed to get ticker 'DHR' reason: Expecting value: line 1 column 1 (char 0)
Failed to get ticker 'ABBV' reason: Expecting value: line 1 column 1 (char 0)
Failed to get ticker 'UNH' reason: Expecting value: line 1 column 1 (char 0)
Failed to get ticker 'BMY' reason: Expecting value: line 1 column 1 (char 0)

15 Failed downloads:
['BLK', 'MRK', 'ABT', 'MA', 'JNJ', 'LLY', 'TMO', 'V', 'C', 'BMY', 'DHR', 'ABBV', 'UNH', 'PFE', 'AXP']: JSONDecodeError('Expecting value: line 1 column 1 (char 0)')
Failed to get ticker 'MRK' reason: Expecting value: line 1 column 1 (char 0)
Failed to get ticker 'LLY' reason: Expecting value: line 1 column 1 (char 0)
Failed to get ticker 'ABT' reason: Expecting value: line 1 column 1 (char 0)
Failed to get ticker 'BLK' reason: Expecting value: line 1 column 1 (char 0)
Failed to get ticker 'JNJ' reason: Expecting value: line 1 column 1 (char 0)
Failed to get ticker 'TMO' reason: Expecting value: line 1 column 1 (char 0)
Failed to get ticker 'MA' reason: Expecting value: line 1 column 1 (char 0)
Failed to get ticker 'V' reason: Expecting value: line 1 column 1 (char 0)
Failed to get ticker 'AXP' reason: Expecting value: line 1 column 1 (char 0)
Failed to get ticker 'C' reason: Expecting value: line 1 column 1 (char 0)
Failed to get ticker 'PFE' reason: Expecting value: line 1 column 1 (char 0)
Failed to get ticker 'ABBV' reason: Expecting value: line 1 column 1 (char 0)
Failed to get ticker 'DHR' reason: Expecting value: line 1 column 1 (char 0)
Failed to get ticker 'UNH' reason: Expecting value: line 1 column 1 (char 0)
Failed to get ticker 'BMY' reason: Expecting value: line 1 column 1 (char 0)

15 Failed downloads:
['MA', 'BLK', 'MRK', 'LLY', 'JNJ', 'V', 'ABT', 'TMO', 'ABBV', 'DHR', 'UNH', 'PFE', 'C', 'BMY', 'AXP']: JSONDecodeError('Expecting value: line 1 column 1 (char 0)')
[32m2025-10-13 12:26:29 +0200[0m - dagster - [34mINFO[0m - __ASSET_JOB - 0f62c75b-67e1-4753-89f0-f35b8685f903 - asset_prices - Batch 3: 15 tickers
Failed to get ticker 'COST' reason: Expecting value: line 1 column 1 (char 0)
Failed to get ticker 'XOM' reason: Expecting value: line 1 column 1 (char 0)
Failed to get ticker 'DIS' reason: Expecting value: line 1 column 1 (char 0)
Failed to get ticker 'PEP' reason: Expecting value: line 1 column 1 (char 0)
Failed to get ticker 'KO' reason: Expecting value: line 1 column 1 (char 0)
Failed to get ticker 'COP' reason: Expecting value: line 1 column 1 (char 0)
Failed to get ticker 'PG' reason: Expecting value: line 1 column 1 (char 0)
Failed to get ticker 'HD' reason: Expecting value: line 1 column 1 (char 0)
Failed to get ticker 'WMT' reason: Expecting value: line 1 column 1 (char 0)
Failed to get ticker 'CVX' reason: Expecting value: line 1 column 1 (char 0)
Failed to get ticker 'NKE' reason: Expecting value: line 1 column 1 (char 0)
Failed to get ticker 'SLB' reason: Expecting value: line 1 column 1 (char 0)
Failed to get ticker 'EOG' reason: Expecting value: line 1 column 1 (char 0)
Failed to get ticker 'SBUX' reason: Expecting value: line 1 column 1 (char 0)

15 Failed downloads:
['XOM', 'DIS', 'COP', 'COST', 'PG', 'PEP', 'HD', 'KO', 'MCD', 'EOG', 'CVX', 'NKE', 'WMT', 'SBUX', 'SLB']: JSONDecodeError('Expecting value: line 1 column 1 (char 0)')
Failed to get ticker 'PG' reason: Expecting value: line 1 column 1 (char 0)
Failed to get ticker 'KO' reason: Expecting value: line 1 column 1 (char 0)
Failed to get ticker 'PEP' reason: Expecting value: line 1 column 1 (char 0)
Failed to get ticker 'COP' reason: Expecting value: line 1 column 1 (char 0)
Failed to get ticker 'HD' reason: Expecting value: line 1 column 1 (char 0)
Failed to get ticker 'COST' reason: Expecting value: line 1 column 1 (char 0)
Failed to get ticker 'DIS' reason: Expecting value: line 1 column 1 (char 0)
Failed to get ticker 'XOM' reason: Expecting value: line 1 column 1 (char 0)
Failed to get ticker 'SLB' reason: Expecting value: line 1 column 1 (char 0)
Failed to get ticker 'SBUX' reason: Expecting value: line 1 column 1 (char 0)
Failed to get ticker 'CVX' reason: Expecting value: line 1 column 1 (char 0)
Failed to get ticker 'EOG' reason: Expecting value: line 1 column 1 (char 0)
Failed to get ticker 'WMT' reason: Expecting value: line 1 column 1 (char 0)
Failed to get ticker 'NKE' reason: Expecting value: line 1 column 1 (char 0)

15 Failed downloads:
['PG', 'XOM', 'COP', 'HD', 'COST', 'PEP', 'KO', 'DIS', 'SLB', 'MCD', 'CVX', 'SBUX', 'EOG', 'NKE', 'WMT']: JSONDecodeError('Expecting value: line 1 column 1 (char 0)')
Failed to get ticker 'PG' reason: Expecting value: line 1 column 1 (char 0)
Failed to get ticker 'KO' reason: Expecting value: line 1 column 1 (char 0)
Failed to get ticker 'PEP' reason: Expecting value: line 1 column 1 (char 0)
Failed to get ticker 'HD' reason: Expecting value: line 1 column 1 (char 0)
Failed to get ticker 'COP' reason: Expecting value: line 1 column 1 (char 0)
Failed to get ticker 'COST' reason: Expecting value: line 1 column 1 (char 0)
Failed to get ticker 'DIS' reason: Expecting value: line 1 column 1 (char 0)
Failed to get ticker 'XOM' reason: Expecting value: line 1 column 1 (char 0)
Failed to get ticker 'SLB' reason: Expecting value: line 1 column 1 (char 0)
Failed to get ticker 'SBUX' reason: Expecting value: line 1 column 1 (char 0)
Failed to get ticker 'CVX' reason: Expecting value: line 1 column 1 (char 0)
Failed to get ticker 'EOG' reason: Expecting value: line 1 column 1 (char 0)
Failed to get ticker 'WMT' reason: Expecting value: line 1 column 1 (char 0)
Failed to get ticker 'NKE' reason: Expecting value: line 1 column 1 (char 0)

15 Failed downloads:
['PEP', 'HD', 'COP', 'XOM', 'COST', 'PG', 'DIS', 'KO', 'MCD', 'SLB', 'NKE', 'EOG', 'CVX', 'SBUX', 'WMT']: JSONDecodeError('Expecting value: line 1 column 1 (char 0)')
[32m2025-10-13 12:26:36 +0200[0m - dagster - [34mINFO[0m - __ASSET_JOB - 0f62c75b-67e1-4753-89f0-f35b8685f903 - asset_prices - Batch 4: 7 tickers
Failed to get ticker 'DIA' reason: Expecting value: line 1 column 1 (char 0)
Failed to get ticker 'IWM' reason: Expecting value: line 1 column 1 (char 0)
Failed to get ticker 'SPY' reason: Expecting value: line 1 column 1 (char 0)
Failed to get ticker 'QQQ' reason: Expecting value: line 1 column 1 (char 0)
Failed to get ticker 'VTI' reason: Expecting value: line 1 column 1 (char 0)

7 Failed downloads:
['BTC-USD', 'ETH-USD', 'QQQ', 'DIA', 'IWM', 'SPY', 'VTI']: JSONDecodeError('Expecting value: line 1 column 1 (char 0)')
Failed to get ticker 'SPY' reason: Expecting value: line 1 column 1 (char 0)
Failed to get ticker 'VTI' reason: Expecting value: line 1 column 1 (char 0)
Failed to get ticker 'IWM' reason: Expecting value: line 1 column 1 (char 0)
Failed to get ticker 'QQQ' reason: Expecting value: line 1 column 1 (char 0)
Failed to get ticker 'DIA' reason: Expecting value: line 1 column 1 (char 0)

7 Failed downloads:
['DIA', 'QQQ', 'ETH-USD', 'IWM', 'BTC-USD', 'VTI', 'SPY']: JSONDecodeError('Expecting value: line 1 column 1 (char 0)')
Failed to get ticker 'SPY' reason: Expecting value: line 1 column 1 (char 0)
Failed to get ticker 'VTI' reason: Expecting value: line 1 column 1 (char 0)
Failed to get ticker 'IWM' reason: Expecting value: line 1 column 1 (char 0)
Failed to get ticker 'QQQ' reason: Expecting value: line 1 column 1 (char 0)
Failed to get ticker 'DIA' reason: Expecting value: line 1 column 1 (char 0)

7 Failed downloads:
['ETH-USD', 'SPY', 'DIA', 'IWM', 'BTC-USD', 'QQQ', 'VTI']: JSONDecodeError('Expecting value: line 1 column 1 (char 0)')
[32m2025-10-13 12:26:40 +0200[0m - dagster - [34mERROR[0m - [31m__ASSET_JOB - 0f62c75b-67e1-4753-89f0-f35b8685f903 - 17733 - asset_prices - STEP_FAILURE - Execution of step "asset_prices" failed.

dagster._core.errors.DagsterExecutionStepExecutionError: Error occurred while executing op "asset_prices"::

RuntimeError: No price data retrieved

Stack Trace:
  File "/Users/mohameddiagne/Desktop/ETL Challenge/.venv/lib/python3.11/site-packages/dagster/_core/execution/plan/utils.py", line 54, in op_execution_error_boundary
    yield
  File "/Users/mohameddiagne/Desktop/ETL Challenge/.venv/lib/python3.11/site-packages/dagster/_utils/__init__.py", line 467, in iterate_with_context
    next_output = next(iterator)
                  ^^^^^^^^^^^^^^
  File "/Users/mohameddiagne/Desktop/ETL Challenge/.venv/lib/python3.11/site-packages/dagster/_core/execution/plan/compute_generator.py", line 131, in _coerce_op_compute_fn_to_iterator
    result = invoke_compute_fn(
             ^^^^^^^^^^^^^^^^^^
  File "/Users/mohameddiagne/Desktop/ETL Challenge/.venv/lib/python3.11/site-packages/dagster/_core/execution/plan/compute_generator.py", line 125, in invoke_compute_fn
    return fn(context, **args_to_pass) if context_arg_provided else fn(**args_to_pass)
           ^^^^^^^^^^^^^^^^^^^^^^^^^^^
  File "/Users/mohameddiagne/Desktop/ETL Challenge/market_etl_pipeline/assets/prices.py", line 122, in asset_prices
    raise RuntimeError("No price data retrieved")
[0m
