[32m2025-10-10 14:59:59 +0200[0m - dagster - [34mDEBUG[0m - __ASSET_JOB - 4bf1c537-4785-4c3e-be9a-54e97d49d35e - 14774 - LOGS_CAPTURED - Started capturing logs in process (pid: 14774).
[32m2025-10-10 14:59:59 +0200[0m - dagster - [34mDEBUG[0m - __ASSET_JOB - 4bf1c537-4785-4c3e-be9a-54e97d49d35e - 14774 - asset_news - STEP_START - Started execution of step "asset_news".
[32m2025-10-10 14:59:59 +0200[0m - dagster - [34mINFO[0m - __ASSET_JOB - 4bf1c537-4785-4c3e-be9a-54e97d49d35e - asset_news - Fetching RSS for AAPL
[32m2025-10-10 14:59:59 +0200[0m - dagster - [34mINFO[0m - __ASSET_JOB - 4bf1c537-4785-4c3e-be9a-54e97d49d35e - asset_news - ✓ News found for AAPL
[32m2025-10-10 15:00:00 +0200[0m - dagster - [34mINFO[0m - __ASSET_JOB - 4bf1c537-4785-4c3e-be9a-54e97d49d35e - asset_news - Fetching RSS for MSFT
[32m2025-10-10 15:00:01 +0200[0m - dagster - [34mINFO[0m - __ASSET_JOB - 4bf1c537-4785-4c3e-be9a-54e97d49d35e - asset_news - ✓ News found for MSFT
[32m2025-10-10 15:00:01 +0200[0m - dagster - [34mINFO[0m - __ASSET_JOB - 4bf1c537-4785-4c3e-be9a-54e97d49d35e - asset_news - Fetching RSS for GOOGL
[32m2025-10-10 15:00:02 +0200[0m - dagster - [34mINFO[0m - __ASSET_JOB - 4bf1c537-4785-4c3e-be9a-54e97d49d35e - asset_news - ✓ News found for GOOGL
[32m2025-10-10 15:00:02 +0200[0m - dagster - [34mINFO[0m - __ASSET_JOB - 4bf1c537-4785-4c3e-be9a-54e97d49d35e - asset_news - Fetching RSS for AMZN
[32m2025-10-10 15:00:03 +0200[0m - dagster - [34mINFO[0m - __ASSET_JOB - 4bf1c537-4785-4c3e-be9a-54e97d49d35e - asset_news - ✓ News found for AMZN
[32m2025-10-10 15:00:03 +0200[0m - dagster - [34mINFO[0m - __ASSET_JOB - 4bf1c537-4785-4c3e-be9a-54e97d49d35e - asset_news - Fetching RSS for META
[32m2025-10-10 15:00:04 +0200[0m - dagster - [34mINFO[0m - __ASSET_JOB - 4bf1c537-4785-4c3e-be9a-54e97d49d35e - asset_news - ✓ News found for META
[32m2025-10-10 15:00:04 +0200[0m - dagster - [34mINFO[0m - __ASSET_JOB - 4bf1c537-4785-4c3e-be9a-54e97d49d35e - asset_news - Fetching RSS for NVDA
[32m2025-10-10 15:00:05 +0200[0m - dagster - [34mINFO[0m - __ASSET_JOB - 4bf1c537-4785-4c3e-be9a-54e97d49d35e - asset_news - ✓ News found for NVDA
[32m2025-10-10 15:00:06 +0200[0m - dagster - [34mINFO[0m - __ASSET_JOB - 4bf1c537-4785-4c3e-be9a-54e97d49d35e - asset_news - Fetching RSS for TSLA
[32m2025-10-10 15:00:06 +0200[0m - dagster - [34mINFO[0m - __ASSET_JOB - 4bf1c537-4785-4c3e-be9a-54e97d49d35e - asset_news - ✓ News found for TSLA
[32m2025-10-10 15:00:07 +0200[0m - dagster - [34mINFO[0m - __ASSET_JOB - 4bf1c537-4785-4c3e-be9a-54e97d49d35e - asset_news - Fetching RSS for NFLX
[32m2025-10-10 15:00:07 +0200[0m - dagster - [34mINFO[0m - __ASSET_JOB - 4bf1c537-4785-4c3e-be9a-54e97d49d35e - asset_news - ✓ News found for NFLX
[32m2025-10-10 15:00:08 +0200[0m - dagster - [34mINFO[0m - __ASSET_JOB - 4bf1c537-4785-4c3e-be9a-54e97d49d35e - asset_news - Fetching RSS for AMD
[32m2025-10-10 15:00:08 +0200[0m - dagster - [34mINFO[0m - __ASSET_JOB - 4bf1c537-4785-4c3e-be9a-54e97d49d35e - asset_news - ✓ News found for AMD
[32m2025-10-10 15:00:09 +0200[0m - dagster - [34mINFO[0m - __ASSET_JOB - 4bf1c537-4785-4c3e-be9a-54e97d49d35e - asset_news - Fetching RSS for INTC
[32m2025-10-10 15:00:10 +0200[0m - dagster - [34mINFO[0m - __ASSET_JOB - 4bf1c537-4785-4c3e-be9a-54e97d49d35e - asset_news - ✓ News found for INTC
[32m2025-10-10 15:00:10 +0200[0m - dagster - [34mINFO[0m - __ASSET_JOB - 4bf1c537-4785-4c3e-be9a-54e97d49d35e - asset_news - Fetching RSS for JPM
[32m2025-10-10 15:00:11 +0200[0m - dagster - [34mINFO[0m - __ASSET_JOB - 4bf1c537-4785-4c3e-be9a-54e97d49d35e - asset_news - ✓ News found for JPM
[32m2025-10-10 15:00:12 +0200[0m - dagster - [34mINFO[0m - __ASSET_JOB - 4bf1c537-4785-4c3e-be9a-54e97d49d35e - asset_news - Fetching RSS for BAC
[32m2025-10-10 15:00:12 +0200[0m - dagster - [34mINFO[0m - __ASSET_JOB - 4bf1c537-4785-4c3e-be9a-54e97d49d35e - asset_news - ✓ News found for BAC
[32m2025-10-10 15:00:13 +0200[0m - dagster - [34mINFO[0m - __ASSET_JOB - 4bf1c537-4785-4c3e-be9a-54e97d49d35e - asset_news - Fetching RSS for GS
[32m2025-10-10 15:00:13 +0200[0m - dagster - [34mINFO[0m - __ASSET_JOB - 4bf1c537-4785-4c3e-be9a-54e97d49d35e - asset_news - ✓ News found for GS
[32m2025-10-10 15:00:14 +0200[0m - dagster - [34mINFO[0m - __ASSET_JOB - 4bf1c537-4785-4c3e-be9a-54e97d49d35e - asset_news - Fetching RSS for MS
[32m2025-10-10 15:00:15 +0200[0m - dagster - [34mINFO[0m - __ASSET_JOB - 4bf1c537-4785-4c3e-be9a-54e97d49d35e - asset_news - ✓ News found for MS
[32m2025-10-10 15:00:15 +0200[0m - dagster - [34mINFO[0m - __ASSET_JOB - 4bf1c537-4785-4c3e-be9a-54e97d49d35e - asset_news - Fetching RSS for WFC
[32m2025-10-10 15:00:16 +0200[0m - dagster - [34mINFO[0m - __ASSET_JOB - 4bf1c537-4785-4c3e-be9a-54e97d49d35e - asset_news - ✓ News found for WFC
[32m2025-10-10 15:00:16 +0200[0m - dagster - [34mINFO[0m - __ASSET_JOB - 4bf1c537-4785-4c3e-be9a-54e97d49d35e - asset_news - Fetching RSS for C
[32m2025-10-10 15:00:17 +0200[0m - dagster - [34mINFO[0m - __ASSET_JOB - 4bf1c537-4785-4c3e-be9a-54e97d49d35e - asset_news - ✓ News found for C
[32m2025-10-10 15:00:17 +0200[0m - dagster - [34mINFO[0m - __ASSET_JOB - 4bf1c537-4785-4c3e-be9a-54e97d49d35e - asset_news - Fetching RSS for BLK
[32m2025-10-10 15:00:18 +0200[0m - dagster - [34mINFO[0m - __ASSET_JOB - 4bf1c537-4785-4c3e-be9a-54e97d49d35e - asset_news - ✓ News found for BLK
[32m2025-10-10 15:00:19 +0200[0m - dagster - [34mINFO[0m - __ASSET_JOB - 4bf1c537-4785-4c3e-be9a-54e97d49d35e - asset_news - Fetching RSS for V
[32m2025-10-10 15:00:19 +0200[0m - dagster - [34mINFO[0m - __ASSET_JOB - 4bf1c537-4785-4c3e-be9a-54e97d49d35e - asset_news - ✓ News found for V
[32m2025-10-10 15:00:20 +0200[0m - dagster - [34mINFO[0m - __ASSET_JOB - 4bf1c537-4785-4c3e-be9a-54e97d49d35e - asset_news - Fetching RSS for MA
[32m2025-10-10 15:00:20 +0200[0m - dagster - [34mINFO[0m - __ASSET_JOB - 4bf1c537-4785-4c3e-be9a-54e97d49d35e - asset_news - ✓ News found for MA
[32m2025-10-10 15:00:21 +0200[0m - dagster - [34mINFO[0m - __ASSET_JOB - 4bf1c537-4785-4c3e-be9a-54e97d49d35e - asset_news - Fetching RSS for AXP
[32m2025-10-10 15:00:21 +0200[0m - dagster - [34mINFO[0m - __ASSET_JOB - 4bf1c537-4785-4c3e-be9a-54e97d49d35e - asset_news - ✓ News found for AXP
[32m2025-10-10 15:00:22 +0200[0m - dagster - [34mINFO[0m - __ASSET_JOB - 4bf1c537-4785-4c3e-be9a-54e97d49d35e - asset_news - Retrieved 20 articles via RSS
[32m2025-10-10 15:00:22 +0200[0m - dagster - [34mDEBUG[0m - __ASSET_JOB - 4bf1c537-4785-4c3e-be9a-54e97d49d35e - 14774 - asset_news - STEP_OUTPUT - Yielded output "result" of type "DataFrame". (Type check passed).
[32m2025-10-10 15:00:22 +0200[0m - dagster - [34mDEBUG[0m - __ASSET_JOB - 4bf1c537-4785-4c3e-be9a-54e97d49d35e - asset_news - Writing file at: /Users/mohameddiagne/Desktop/ETL Challenge/tmp69r6jdp6/storage/asset_news using PickledObjectFilesystemIOManager...
[32m2025-10-10 15:00:22 +0200[0m - dagster - [34mDEBUG[0m - __ASSET_JOB - 4bf1c537-4785-4c3e-be9a-54e97d49d35e - 14774 - asset_news - ASSET_MATERIALIZATION - Materialized value asset_news.
[32m2025-10-10 15:00:22 +0200[0m - dagster - [34mDEBUG[0m - __ASSET_JOB - 4bf1c537-4785-4c3e-be9a-54e97d49d35e - 14774 - asset_news - HANDLED_OUTPUT - Handled output "result" using IO manager "io_manager"
[32m2025-10-10 15:00:22 +0200[0m - dagster - [34mDEBUG[0m - __ASSET_JOB - 4bf1c537-4785-4c3e-be9a-54e97d49d35e - 14774 - asset_news - STEP_SUCCESS - Finished execution of step "asset_news" in 22.73s.
