[32m2025-10-14 21:27:34 +0200[0m - dagster - [34mDEBUG[0m - __ASSET_JOB - ef333151-9b67-4f9d-92a2-7ff097ca8f24 - 28392 - LOGS_CAPTURED - Started capturing logs in process (pid: 28392).
[32m2025-10-14 21:27:34 +0200[0m - dagster - [34mDEBUG[0m - __ASSET_JOB - ef333151-9b67-4f9d-92a2-7ff097ca8f24 - 28392 - asset_news - STEP_START - Started execution of step "asset_news".
[32m2025-10-14 21:27:34 +0200[0m - dagster - [34mINFO[0m - __ASSET_JOB - ef333151-9b67-4f9d-92a2-7ff097ca8f24 - asset_news - Fetching news for 52 tickers via RSS
[32m2025-10-14 21:27:34 +0200[0m - dagster - [34mINFO[0m - __ASSET_JOB - ef333151-9b67-4f9d-92a2-7ff097ca8f24 - asset_news - [1/52] Fetching news for AAPL...
[32m2025-10-14 21:27:35 +0200[0m - dagster - [34mINFO[0m - __ASSET_JOB - ef333151-9b67-4f9d-92a2-7ff097ca8f24 - asset_news - ✓ AAPL: 3 news
[32m2025-10-14 21:27:35 +0200[0m - dagster - [34mINFO[0m - __ASSET_JOB - ef333151-9b67-4f9d-92a2-7ff097ca8f24 - asset_news - [2/52] Fetching news for MSFT...
[32m2025-10-14 21:27:36 +0200[0m - dagster - [34mINFO[0m - __ASSET_JOB - ef333151-9b67-4f9d-92a2-7ff097ca8f24 - asset_news - ✓ MSFT: 3 news
[32m2025-10-14 21:27:36 +0200[0m - dagster - [34mINFO[0m - __ASSET_JOB - ef333151-9b67-4f9d-92a2-7ff097ca8f24 - asset_news - [3/52] Fetching news for GOOGL...
[32m2025-10-14 21:27:37 +0200[0m - dagster - [34mINFO[0m - __ASSET_JOB - ef333151-9b67-4f9d-92a2-7ff097ca8f24 - asset_news - ✓ GOOGL: 3 news
[32m2025-10-14 21:27:37 +0200[0m - dagster - [34mINFO[0m - __ASSET_JOB - ef333151-9b67-4f9d-92a2-7ff097ca8f24 - asset_news - [4/52] Fetching news for AMZN...
[32m2025-10-14 21:27:38 +0200[0m - dagster - [34mINFO[0m - __ASSET_JOB - ef333151-9b67-4f9d-92a2-7ff097ca8f24 - asset_news - ✓ AMZN: 3 news
[32m2025-10-14 21:27:38 +0200[0m - dagster - [34mINFO[0m - __ASSET_JOB - ef333151-9b67-4f9d-92a2-7ff097ca8f24 - asset_news - [5/52] Fetching news for META...
[32m2025-10-14 21:27:39 +0200[0m - dagster - [34mINFO[0m - __ASSET_JOB - ef333151-9b67-4f9d-92a2-7ff097ca8f24 - asset_news - ✓ META: 3 news
[32m2025-10-14 21:27:39 +0200[0m - dagster - [34mINFO[0m - __ASSET_JOB - ef333151-9b67-4f9d-92a2-7ff097ca8f24 - asset_news - [6/52] Fetching news for NVDA...
[32m2025-10-14 21:27:40 +0200[0m - dagster - [34mINFO[0m - __ASSET_JOB - ef333151-9b67-4f9d-92a2-7ff097ca8f24 - asset_news - ✓ NVDA: 3 news
[32m2025-10-14 21:27:40 +0200[0m - dagster - [34mINFO[0m - __ASSET_JOB - ef333151-9b67-4f9d-92a2-7ff097ca8f24 - asset_news - [7/52] Fetching news for TSLA...
[32m2025-10-14 21:27:40 +0200[0m - dagster - [34mINFO[0m - __ASSET_JOB - ef333151-9b67-4f9d-92a2-7ff097ca8f24 - asset_news - ✓ TSLA: 3 news
[32m2025-10-14 21:27:41 +0200[0m - dagster - [34mINFO[0m - __ASSET_JOB - ef333151-9b67-4f9d-92a2-7ff097ca8f24 - asset_news - [8/52] Fetching news for NFLX...
[32m2025-10-14 21:27:42 +0200[0m - dagster - [34mINFO[0m - __ASSET_JOB - ef333151-9b67-4f9d-92a2-7ff097ca8f24 - asset_news - ✓ NFLX: 3 news
[32m2025-10-14 21:27:42 +0200[0m - dagster - [34mINFO[0m - __ASSET_JOB - ef333151-9b67-4f9d-92a2-7ff097ca8f24 - asset_news - [9/52] Fetching news for AMD...
[32m2025-10-14 21:27:42 +0200[0m - dagster - [34mINFO[0m - __ASSET_JOB - ef333151-9b67-4f9d-92a2-7ff097ca8f24 - asset_news - ✓ AMD: 3 news
[32m2025-10-14 21:27:43 +0200[0m - dagster - [34mINFO[0m - __ASSET_JOB - ef333151-9b67-4f9d-92a2-7ff097ca8f24 - asset_news - [10/52] Fetching news for INTC...
[32m2025-10-14 21:27:43 +0200[0m - dagster - [34mINFO[0m - __ASSET_JOB - ef333151-9b67-4f9d-92a2-7ff097ca8f24 - asset_news - ✓ INTC: 3 news
[32m2025-10-14 21:27:44 +0200[0m - dagster - [34mINFO[0m - __ASSET_JOB - ef333151-9b67-4f9d-92a2-7ff097ca8f24 - asset_news - [11/52] Fetching news for JPM...
[32m2025-10-14 21:27:44 +0200[0m - dagster - [34mINFO[0m - __ASSET_JOB - ef333151-9b67-4f9d-92a2-7ff097ca8f24 - asset_news - ✓ JPM: 3 news
[32m2025-10-14 21:27:45 +0200[0m - dagster - [34mINFO[0m - __ASSET_JOB - ef333151-9b67-4f9d-92a2-7ff097ca8f24 - asset_news - [12/52] Fetching news for BAC...
[32m2025-10-14 21:27:45 +0200[0m - dagster - [34mINFO[0m - __ASSET_JOB - ef333151-9b67-4f9d-92a2-7ff097ca8f24 - asset_news - ✓ BAC: 3 news
[32m2025-10-14 21:27:45 +0200[0m - dagster - [34mINFO[0m - __ASSET_JOB - ef333151-9b67-4f9d-92a2-7ff097ca8f24 - asset_news - [13/52] Fetching news for GS...
[32m2025-10-14 21:27:46 +0200[0m - dagster - [34mINFO[0m - __ASSET_JOB - ef333151-9b67-4f9d-92a2-7ff097ca8f24 - asset_news - ✓ GS: 3 news
[32m2025-10-14 21:27:46 +0200[0m - dagster - [34mINFO[0m - __ASSET_JOB - ef333151-9b67-4f9d-92a2-7ff097ca8f24 - asset_news - [14/52] Fetching news for MS...
[32m2025-10-14 21:27:47 +0200[0m - dagster - [34mINFO[0m - __ASSET_JOB - ef333151-9b67-4f9d-92a2-7ff097ca8f24 - asset_news - ✓ MS: 3 news
[32m2025-10-14 21:27:47 +0200[0m - dagster - [34mINFO[0m - __ASSET_JOB - ef333151-9b67-4f9d-92a2-7ff097ca8f24 - asset_news - [15/52] Fetching news for WFC...
[32m2025-10-14 21:27:48 +0200[0m - dagster - [34mINFO[0m - __ASSET_JOB - ef333151-9b67-4f9d-92a2-7ff097ca8f24 - asset_news - ✓ WFC: 3 news
[32m2025-10-14 21:27:48 +0200[0m - dagster - [34mINFO[0m - __ASSET_JOB - ef333151-9b67-4f9d-92a2-7ff097ca8f24 - asset_news - [16/52] Fetching news for C...
[32m2025-10-14 21:27:49 +0200[0m - dagster - [34mINFO[0m - __ASSET_JOB - ef333151-9b67-4f9d-92a2-7ff097ca8f24 - asset_news - ✓ C: 3 news
[32m2025-10-14 21:27:49 +0200[0m - dagster - [34mINFO[0m - __ASSET_JOB - ef333151-9b67-4f9d-92a2-7ff097ca8f24 - asset_news - [17/52] Fetching news for BLK...
[32m2025-10-14 21:27:50 +0200[0m - dagster - [34mINFO[0m - __ASSET_JOB - ef333151-9b67-4f9d-92a2-7ff097ca8f24 - asset_news - ✓ BLK: 3 news
[32m2025-10-14 21:27:50 +0200[0m - dagster - [34mINFO[0m - __ASSET_JOB - ef333151-9b67-4f9d-92a2-7ff097ca8f24 - asset_news - [18/52] Fetching news for V...
[32m2025-10-14 21:27:51 +0200[0m - dagster - [34mINFO[0m - __ASSET_JOB - ef333151-9b67-4f9d-92a2-7ff097ca8f24 - asset_news - ✓ V: 3 news
[32m2025-10-14 21:27:51 +0200[0m - dagster - [34mINFO[0m - __ASSET_JOB - ef333151-9b67-4f9d-92a2-7ff097ca8f24 - asset_news - [19/52] Fetching news for MA...
[32m2025-10-14 21:27:52 +0200[0m - dagster - [34mINFO[0m - __ASSET_JOB - ef333151-9b67-4f9d-92a2-7ff097ca8f24 - asset_news - ✓ MA: 3 news
[32m2025-10-14 21:27:52 +0200[0m - dagster - [34mINFO[0m - __ASSET_JOB - ef333151-9b67-4f9d-92a2-7ff097ca8f24 - asset_news - [20/52] Fetching news for AXP...
[32m2025-10-14 21:27:53 +0200[0m - dagster - [34mINFO[0m - __ASSET_JOB - ef333151-9b67-4f9d-92a2-7ff097ca8f24 - asset_news - ✓ AXP: 3 news
[32m2025-10-14 21:27:53 +0200[0m - dagster - [34mINFO[0m - __ASSET_JOB - ef333151-9b67-4f9d-92a2-7ff097ca8f24 - asset_news - [21/52] Fetching news for JNJ...
[32m2025-10-14 21:27:54 +0200[0m - dagster - [34mINFO[0m - __ASSET_JOB - ef333151-9b67-4f9d-92a2-7ff097ca8f24 - asset_news - ✓ JNJ: 3 news
[32m2025-10-14 21:27:54 +0200[0m - dagster - [34mINFO[0m - __ASSET_JOB - ef333151-9b67-4f9d-92a2-7ff097ca8f24 - asset_news - [22/52] Fetching news for UNH...
[32m2025-10-14 21:27:54 +0200[0m - dagster - [34mINFO[0m - __ASSET_JOB - ef333151-9b67-4f9d-92a2-7ff097ca8f24 - asset_news - ✓ UNH: 3 news
[32m2025-10-14 21:27:55 +0200[0m - dagster - [34mINFO[0m - __ASSET_JOB - ef333151-9b67-4f9d-92a2-7ff097ca8f24 - asset_news - [23/52] Fetching news for PFE...
[32m2025-10-14 21:27:55 +0200[0m - dagster - [34mINFO[0m - __ASSET_JOB - ef333151-9b67-4f9d-92a2-7ff097ca8f24 - asset_news - ✓ PFE: 3 news
[32m2025-10-14 21:27:56 +0200[0m - dagster - [34mINFO[0m - __ASSET_JOB - ef333151-9b67-4f9d-92a2-7ff097ca8f24 - asset_news - [24/52] Fetching news for ABBV...
[32m2025-10-14 21:27:56 +0200[0m - dagster - [34mINFO[0m - __ASSET_JOB - ef333151-9b67-4f9d-92a2-7ff097ca8f24 - asset_news - ✓ ABBV: 3 news
[32m2025-10-14 21:27:56 +0200[0m - dagster - [34mINFO[0m - __ASSET_JOB - ef333151-9b67-4f9d-92a2-7ff097ca8f24 - asset_news - [25/52] Fetching news for TMO...
[32m2025-10-14 21:27:57 +0200[0m - dagster - [34mINFO[0m - __ASSET_JOB - ef333151-9b67-4f9d-92a2-7ff097ca8f24 - asset_news - ✓ TMO: 3 news
[32m2025-10-14 21:27:57 +0200[0m - dagster - [34mINFO[0m - __ASSET_JOB - ef333151-9b67-4f9d-92a2-7ff097ca8f24 - asset_news - [26/52] Fetching news for MRK...
[32m2025-10-14 21:27:58 +0200[0m - dagster - [34mINFO[0m - __ASSET_JOB - ef333151-9b67-4f9d-92a2-7ff097ca8f24 - asset_news - ✓ MRK: 3 news
[32m2025-10-14 21:27:59 +0200[0m - dagster - [34mINFO[0m - __ASSET_JOB - ef333151-9b67-4f9d-92a2-7ff097ca8f24 - asset_news - [27/52] Fetching news for LLY...
[32m2025-10-14 21:27:59 +0200[0m - dagster - [34mINFO[0m - __ASSET_JOB - ef333151-9b67-4f9d-92a2-7ff097ca8f24 - asset_news - ✓ LLY: 3 news
[32m2025-10-14 21:27:59 +0200[0m - dagster - [34mINFO[0m - __ASSET_JOB - ef333151-9b67-4f9d-92a2-7ff097ca8f24 - asset_news - [28/52] Fetching news for ABT...
[32m2025-10-14 21:28:00 +0200[0m - dagster - [34mINFO[0m - __ASSET_JOB - ef333151-9b67-4f9d-92a2-7ff097ca8f24 - asset_news - ✓ ABT: 3 news
[32m2025-10-14 21:28:00 +0200[0m - dagster - [34mINFO[0m - __ASSET_JOB - ef333151-9b67-4f9d-92a2-7ff097ca8f24 - asset_news - [29/52] Fetching news for DHR...
[32m2025-10-14 21:28:01 +0200[0m - dagster - [34mINFO[0m - __ASSET_JOB - ef333151-9b67-4f9d-92a2-7ff097ca8f24 - asset_news - ✓ DHR: 3 news
[32m2025-10-14 21:28:01 +0200[0m - dagster - [34mINFO[0m - __ASSET_JOB - ef333151-9b67-4f9d-92a2-7ff097ca8f24 - asset_news - [30/52] Fetching news for BMY...
[32m2025-10-14 21:28:02 +0200[0m - dagster - [34mINFO[0m - __ASSET_JOB - ef333151-9b67-4f9d-92a2-7ff097ca8f24 - asset_news - ✓ BMY: 3 news
[32m2025-10-14 21:28:02 +0200[0m - dagster - [34mINFO[0m - __ASSET_JOB - ef333151-9b67-4f9d-92a2-7ff097ca8f24 - asset_news - [31/52] Fetching news for WMT...
[32m2025-10-14 21:28:03 +0200[0m - dagster - [34mINFO[0m - __ASSET_JOB - ef333151-9b67-4f9d-92a2-7ff097ca8f24 - asset_news - ✓ WMT: 3 news
[32m2025-10-14 21:28:03 +0200[0m - dagster - [34mINFO[0m - __ASSET_JOB - ef333151-9b67-4f9d-92a2-7ff097ca8f24 - asset_news - [32/52] Fetching news for PG...
[32m2025-10-14 21:28:03 +0200[0m - dagster - [34mINFO[0m - __ASSET_JOB - ef333151-9b67-4f9d-92a2-7ff097ca8f24 - asset_news - ✓ PG: 3 news
[32m2025-10-14 21:28:04 +0200[0m - dagster - [34mINFO[0m - __ASSET_JOB - ef333151-9b67-4f9d-92a2-7ff097ca8f24 - asset_news - [33/52] Fetching news for KO...
[32m2025-10-14 21:28:04 +0200[0m - dagster - [34mINFO[0m - __ASSET_JOB - ef333151-9b67-4f9d-92a2-7ff097ca8f24 - asset_news - ✓ KO: 3 news
[32m2025-10-14 21:28:05 +0200[0m - dagster - [34mINFO[0m - __ASSET_JOB - ef333151-9b67-4f9d-92a2-7ff097ca8f24 - asset_news - [34/52] Fetching news for PEP...
[32m2025-10-14 21:28:05 +0200[0m - dagster - [34mINFO[0m - __ASSET_JOB - ef333151-9b67-4f9d-92a2-7ff097ca8f24 - asset_news - ✓ PEP: 3 news
[32m2025-10-14 21:28:06 +0200[0m - dagster - [34mINFO[0m - __ASSET_JOB - ef333151-9b67-4f9d-92a2-7ff097ca8f24 - asset_news - [35/52] Fetching news for NKE...
[32m2025-10-14 21:28:06 +0200[0m - dagster - [34mINFO[0m - __ASSET_JOB - ef333151-9b67-4f9d-92a2-7ff097ca8f24 - asset_news - ✓ NKE: 3 news
[32m2025-10-14 21:28:07 +0200[0m - dagster - [34mINFO[0m - __ASSET_JOB - ef333151-9b67-4f9d-92a2-7ff097ca8f24 - asset_news - [36/52] Fetching news for COST...
[32m2025-10-14 21:28:07 +0200[0m - dagster - [34mINFO[0m - __ASSET_JOB - ef333151-9b67-4f9d-92a2-7ff097ca8f24 - asset_news - ✓ COST: 3 news
[32m2025-10-14 21:28:07 +0200[0m - dagster - [34mINFO[0m - __ASSET_JOB - ef333151-9b67-4f9d-92a2-7ff097ca8f24 - asset_news - [37/52] Fetching news for HD...
[32m2025-10-14 21:28:08 +0200[0m - dagster - [34mINFO[0m - __ASSET_JOB - ef333151-9b67-4f9d-92a2-7ff097ca8f24 - asset_news - ✓ HD: 3 news
[32m2025-10-14 21:28:08 +0200[0m - dagster - [34mINFO[0m - __ASSET_JOB - ef333151-9b67-4f9d-92a2-7ff097ca8f24 - asset_news - [38/52] Fetching news for MCD...
[32m2025-10-14 21:28:09 +0200[0m - dagster - [34mINFO[0m - __ASSET_JOB - ef333151-9b67-4f9d-92a2-7ff097ca8f24 - asset_news - ✓ MCD: 3 news
[32m2025-10-14 21:28:09 +0200[0m - dagster - [34mINFO[0m - __ASSET_JOB - ef333151-9b67-4f9d-92a2-7ff097ca8f24 - asset_news - [39/52] Fetching news for SBUX...
[32m2025-10-14 21:28:10 +0200[0m - dagster - [34mINFO[0m - __ASSET_JOB - ef333151-9b67-4f9d-92a2-7ff097ca8f24 - asset_news - ✓ SBUX: 3 news
[32m2025-10-14 21:28:10 +0200[0m - dagster - [34mINFO[0m - __ASSET_JOB - ef333151-9b67-4f9d-92a2-7ff097ca8f24 - asset_news - [40/52] Fetching news for DIS...
[32m2025-10-14 21:28:11 +0200[0m - dagster - [34mINFO[0m - __ASSET_JOB - ef333151-9b67-4f9d-92a2-7ff097ca8f24 - asset_news - ✓ DIS: 3 news
[32m2025-10-14 21:28:11 +0200[0m - dagster - [34mINFO[0m - __ASSET_JOB - ef333151-9b67-4f9d-92a2-7ff097ca8f24 - asset_news - [41/52] Fetching news for XOM...
[32m2025-10-14 21:28:12 +0200[0m - dagster - [34mINFO[0m - __ASSET_JOB - ef333151-9b67-4f9d-92a2-7ff097ca8f24 - asset_news - ✓ XOM: 3 news
[32m2025-10-14 21:28:12 +0200[0m - dagster - [34mINFO[0m - __ASSET_JOB - ef333151-9b67-4f9d-92a2-7ff097ca8f24 - asset_news - [42/52] Fetching news for CVX...
[32m2025-10-14 21:28:13 +0200[0m - dagster - [34mINFO[0m - __ASSET_JOB - ef333151-9b67-4f9d-92a2-7ff097ca8f24 - asset_news - ✓ CVX: 3 news
[32m2025-10-14 21:28:13 +0200[0m - dagster - [34mINFO[0m - __ASSET_JOB - ef333151-9b67-4f9d-92a2-7ff097ca8f24 - asset_news - [43/52] Fetching news for COP...
[32m2025-10-14 21:28:14 +0200[0m - dagster - [34mINFO[0m - __ASSET_JOB - ef333151-9b67-4f9d-92a2-7ff097ca8f24 - asset_news - ✓ COP: 3 news
[32m2025-10-14 21:28:14 +0200[0m - dagster - [34mINFO[0m - __ASSET_JOB - ef333151-9b67-4f9d-92a2-7ff097ca8f24 - asset_news - [44/52] Fetching news for SLB...
[32m2025-10-14 21:28:15 +0200[0m - dagster - [34mINFO[0m - __ASSET_JOB - ef333151-9b67-4f9d-92a2-7ff097ca8f24 - asset_news - ✓ SLB: 3 news
[32m2025-10-14 21:28:15 +0200[0m - dagster - [34mINFO[0m - __ASSET_JOB - ef333151-9b67-4f9d-92a2-7ff097ca8f24 - asset_news - [45/52] Fetching news for EOG...
[32m2025-10-14 21:28:16 +0200[0m - dagster - [34mINFO[0m - __ASSET_JOB - ef333151-9b67-4f9d-92a2-7ff097ca8f24 - asset_news - ✓ EOG: 3 news
[32m2025-10-14 21:28:16 +0200[0m - dagster - [34mINFO[0m - __ASSET_JOB - ef333151-9b67-4f9d-92a2-7ff097ca8f24 - asset_news - [46/52] Fetching news for SPY...
[32m2025-10-14 21:28:17 +0200[0m - dagster - [34mINFO[0m - __ASSET_JOB - ef333151-9b67-4f9d-92a2-7ff097ca8f24 - asset_news - ✓ SPY: 3 news
[32m2025-10-14 21:28:17 +0200[0m - dagster - [34mINFO[0m - __ASSET_JOB - ef333151-9b67-4f9d-92a2-7ff097ca8f24 - asset_news - [47/52] Fetching news for QQQ...
[32m2025-10-14 21:28:18 +0200[0m - dagster - [34mINFO[0m - __ASSET_JOB - ef333151-9b67-4f9d-92a2-7ff097ca8f24 - asset_news - ✓ QQQ: 3 news
[32m2025-10-14 21:28:18 +0200[0m - dagster - [34mINFO[0m - __ASSET_JOB - ef333151-9b67-4f9d-92a2-7ff097ca8f24 - asset_news - [48/52] Fetching news for DIA...
[32m2025-10-14 21:28:18 +0200[0m - dagster - [34mINFO[0m - __ASSET_JOB - ef333151-9b67-4f9d-92a2-7ff097ca8f24 - asset_news - ✓ DIA: 3 news
[32m2025-10-14 21:28:19 +0200[0m - dagster - [34mINFO[0m - __ASSET_JOB - ef333151-9b67-4f9d-92a2-7ff097ca8f24 - asset_news - [49/52] Fetching news for IWM...
[32m2025-10-14 21:28:19 +0200[0m - dagster - [34mINFO[0m - __ASSET_JOB - ef333151-9b67-4f9d-92a2-7ff097ca8f24 - asset_news - ✓ IWM: 3 news
[32m2025-10-14 21:28:20 +0200[0m - dagster - [34mINFO[0m - __ASSET_JOB - ef333151-9b67-4f9d-92a2-7ff097ca8f24 - asset_news - [50/52] Fetching news for VTI...
[32m2025-10-14 21:28:20 +0200[0m - dagster - [34mINFO[0m - __ASSET_JOB - ef333151-9b67-4f9d-92a2-7ff097ca8f24 - asset_news - ✓ VTI: 3 news
[32m2025-10-14 21:28:20 +0200[0m - dagster - [34mINFO[0m - __ASSET_JOB - ef333151-9b67-4f9d-92a2-7ff097ca8f24 - asset_news - [51/52] Fetching news for BTC-USD...
[32m2025-10-14 21:28:21 +0200[0m - dagster - [34mINFO[0m - __ASSET_JOB - ef333151-9b67-4f9d-92a2-7ff097ca8f24 - asset_news - ✓ BTC-USD: 3 news
[32m2025-10-14 21:28:21 +0200[0m - dagster - [34mINFO[0m - __ASSET_JOB - ef333151-9b67-4f9d-92a2-7ff097ca8f24 - asset_news - [52/52] Fetching news for ETH-USD...
[32m2025-10-14 21:28:22 +0200[0m - dagster - [34mINFO[0m - __ASSET_JOB - ef333151-9b67-4f9d-92a2-7ff097ca8f24 - asset_news - ✓ ETH-USD: 3 news
[32m2025-10-14 21:28:22 +0200[0m - dagster - [34mINFO[0m - __ASSET_JOB - ef333151-9b67-4f9d-92a2-7ff097ca8f24 - asset_news - Retrieved 156 news items
[32m2025-10-14 21:28:22 +0200[0m - dagster - [34mDEBUG[0m - __ASSET_JOB - ef333151-9b67-4f9d-92a2-7ff097ca8f24 - 28392 - asset_news - STEP_OUTPUT - Yielded output "result" of type "DataFrame". (Type check passed).
[32m2025-10-14 21:28:22 +0200[0m - dagster - [34mDEBUG[0m - __ASSET_JOB - ef333151-9b67-4f9d-92a2-7ff097ca8f24 - asset_news - Writing file at: /Users/mohameddiagne/Desktop/ETL Challenge/tmp98gjmqjc/storage/asset_news using PickledObjectFilesystemIOManager...
[32m2025-10-14 21:28:22 +0200[0m - dagster - [34mDEBUG[0m - __ASSET_JOB - ef333151-9b67-4f9d-92a2-7ff097ca8f24 - 28392 - asset_news - ASSET_MATERIALIZATION - Materialized value asset_news.
[32m2025-10-14 21:28:22 +0200[0m - dagster - [34mDEBUG[0m - __ASSET_JOB - ef333151-9b67-4f9d-92a2-7ff097ca8f24 - 28392 - asset_news - HANDLED_OUTPUT - Handled output "result" using IO manager "io_manager"
[32m2025-10-14 21:28:22 +0200[0m - dagster - [34mDEBUG[0m - __ASSET_JOB - ef333151-9b67-4f9d-92a2-7ff097ca8f24 - 28392 - asset_news - STEP_SUCCESS - Finished execution of step "asset_news" in 48.03s.
