[32m2025-10-14 21:28:39 +0200[0m - dagster - [34mDEBUG[0m - __ASSET_JOB - ef333151-9b67-4f9d-92a2-7ff097ca8f24 - 28466 - LOGS_CAPTURED - Started capturing logs in process (pid: 28466).
[32m2025-10-14 21:28:39 +0200[0m - dagster - [34mDEBUG[0m - __ASSET_JOB - ef333151-9b67-4f9d-92a2-7ff097ca8f24 - 28466 - market_recap_pdf - STEP_START - Started execution of step "market_recap_pdf".
[32m2025-10-14 21:28:39 +0200[0m - dagster - [34mDEBUG[0m - __ASSET_JOB - ef333151-9b67-4f9d-92a2-7ff097ca8f24 - market_recap_pdf - Loading file from: /Users/mohameddiagne/Desktop/ETL Challenge/tmp98gjmqjc/storage/asset_news using PickledObjectFilesystemIOManager...
[32m2025-10-14 21:28:39 +0200[0m - dagster - [34mDEBUG[0m - __ASSET_JOB - ef333151-9b67-4f9d-92a2-7ff097ca8f24 - 28466 - market_recap_pdf - ASSET_OBSERVATION - DagsterEventType.ASSET_OBSERVATION for step market_recap_pdf
[32m2025-10-14 21:28:39 +0200[0m - dagster - [34mDEBUG[0m - __ASSET_JOB - ef333151-9b67-4f9d-92a2-7ff097ca8f24 - 28466 - market_recap_pdf - LOADED_INPUT - Loaded input "asset_news" using input manager "io_manager", from output "result" of step "asset_news"
[32m2025-10-14 21:28:39 +0200[0m - dagster - [34mDEBUG[0m - __ASSET_JOB - ef333151-9b67-4f9d-92a2-7ff097ca8f24 - market_recap_pdf - Loading file from: /Users/mohameddiagne/Desktop/ETL Challenge/tmp98gjmqjc/storage/asset_prices using PickledObjectFilesystemIOManager...
[32m2025-10-14 21:28:39 +0200[0m - dagster - [34mDEBUG[0m - __ASSET_JOB - ef333151-9b67-4f9d-92a2-7ff097ca8f24 - 28466 - market_recap_pdf - ASSET_OBSERVATION - DagsterEventType.ASSET_OBSERVATION for step market_recap_pdf
[32m2025-10-14 21:28:39 +0200[0m - dagster - [34mDEBUG[0m - __ASSET_JOB - ef333151-9b67-4f9d-92a2-7ff097ca8f24 - 28466 - market_recap_pdf - LOADED_INPUT - Loaded input "asset_prices" using input manager "io_manager", from output "result" of step "asset_prices"
[32m2025-10-14 21:28:39 +0200[0m - dagster - [34mDEBUG[0m - __ASSET_JOB - ef333151-9b67-4f9d-92a2-7ff097ca8f24 - market_recap_pdf - Loading file from: /Users/mohameddiagne/Desktop/ETL Challenge/tmp98gjmqjc/storage/asset_returns using PickledObjectFilesystemIOManager...
[32m2025-10-14 21:28:39 +0200[0m - dagster - [34mDEBUG[0m - __ASSET_JOB - ef333151-9b67-4f9d-92a2-7ff097ca8f24 - 28466 - market_recap_pdf - ASSET_OBSERVATION - DagsterEventType.ASSET_OBSERVATION for step market_recap_pdf
[32m2025-10-14 21:28:39 +0200[0m - dagster - [34mDEBUG[0m - __ASSET_JOB - ef333151-9b67-4f9d-92a2-7ff097ca8f24 - 28466 - market_recap_pdf - LOADED_INPUT - Loaded input "asset_returns" using input manager "io_manager", from output "result" of step "asset_returns"
[32m2025-10-14 21:28:39 +0200[0m - dagster - [34mDEBUG[0m - __ASSET_JOB - ef333151-9b67-4f9d-92a2-7ff097ca8f24 - market_recap_pdf - Loading file from: /Users/mohameddiagne/Desktop/ETL Challenge/tmp98gjmqjc/storage/data_quality_report using PickledObjectFilesystemIOManager...
[32m2025-10-14 21:28:39 +0200[0m - dagster - [34mDEBUG[0m - __ASSET_JOB - ef333151-9b67-4f9d-92a2-7ff097ca8f24 - 28466 - market_recap_pdf - ASSET_OBSERVATION - DagsterEventType.ASSET_OBSERVATION for step market_recap_pdf
[32m2025-10-14 21:28:39 +0200[0m - dagster - [34mDEBUG[0m - __ASSET_JOB - ef333151-9b67-4f9d-92a2-7ff097ca8f24 - 28466 - market_recap_pdf - LOADED_INPUT - Loaded input "data_quality_report" using input manager "io_manager", from output "result" of step "data_quality_report"
[32m2025-10-14 21:28:39 +0200[0m - dagster - [34mDEBUG[0m - __ASSET_JOB - ef333151-9b67-4f9d-92a2-7ff097ca8f24 - 28466 - market_recap_pdf - STEP_INPUT - Got input "asset_news" of type "DataFrame". (Type check passed).
[32m2025-10-14 21:28:39 +0200[0m - dagster - [34mDEBUG[0m - __ASSET_JOB - ef333151-9b67-4f9d-92a2-7ff097ca8f24 - 28466 - market_recap_pdf - STEP_INPUT - Got input "asset_prices" of type "DataFrame". (Type check passed).
[32m2025-10-14 21:28:39 +0200[0m - dagster - [34mDEBUG[0m - __ASSET_JOB - ef333151-9b67-4f9d-92a2-7ff097ca8f24 - 28466 - market_recap_pdf - STEP_INPUT - Got input "asset_returns" of type "DataFrame". (Type check passed).
[32m2025-10-14 21:28:39 +0200[0m - dagster - [34mDEBUG[0m - __ASSET_JOB - ef333151-9b67-4f9d-92a2-7ff097ca8f24 - 28466 - market_recap_pdf - STEP_INPUT - Got input "data_quality_report" of type "dict". (Type check passed).
[32m2025-10-14 21:28:39 +0200[0m - dagster - [34mINFO[0m - __ASSET_JOB - ef333151-9b67-4f9d-92a2-7ff097ca8f24 - market_recap_pdf - Generating market recap PDF
[32m2025-10-14 21:28:39 +0200[0m - dagster - [34mINFO[0m - __ASSET_JOB - ef333151-9b67-4f9d-92a2-7ff097ca8f24 - market_recap_pdf - Creating top performers chart
[32m2025-10-14 21:28:39 +0200[0m - dagster - [34mINFO[0m - __ASSET_JOB - ef333151-9b67-4f9d-92a2-7ff097ca8f24 - market_recap_pdf - PDF generated successfully: /Users/mohameddiagne/Desktop/ETL Challenge/outputs/market_recap_20251014.pdf
[32m2025-10-14 21:28:39 +0200[0m - dagster - [34mDEBUG[0m - __ASSET_JOB - ef333151-9b67-4f9d-92a2-7ff097ca8f24 - 28466 - market_recap_pdf - STEP_OUTPUT - Yielded output "result" of type "String". (Type check passed).
[32m2025-10-14 21:28:39 +0200[0m - dagster - [34mDEBUG[0m - __ASSET_JOB - ef333151-9b67-4f9d-92a2-7ff097ca8f24 - market_recap_pdf - Writing file at: /Users/mohameddiagne/Desktop/ETL Challenge/tmp98gjmqjc/storage/market_recap_pdf using PickledObjectFilesystemIOManager...
[32m2025-10-14 21:28:39 +0200[0m - dagster - [34mDEBUG[0m - __ASSET_JOB - ef333151-9b67-4f9d-92a2-7ff097ca8f24 - 28466 - market_recap_pdf - ASSET_MATERIALIZATION - Materialized value market_recap_pdf.
[32m2025-10-14 21:28:39 +0200[0m - dagster - [34mDEBUG[0m - __ASSET_JOB - ef333151-9b67-4f9d-92a2-7ff097ca8f24 - 28466 - market_recap_pdf - HANDLED_OUTPUT - Handled output "result" using IO manager "io_manager"
[32m2025-10-14 21:28:39 +0200[0m - dagster - [34mDEBUG[0m - __ASSET_JOB - ef333151-9b67-4f9d-92a2-7ff097ca8f24 - 28466 - market_recap_pdf - STEP_SUCCESS - Finished execution of step "market_recap_pdf" in 235ms.
