[32m2025-10-14 21:32:22 +0200[0m - dagster - [34mDEBUG[0m - __ASSET_JOB - 960c9726-d41a-4826-86bd-f56830418a42 - 28570 - LOGS_CAPTURED - Started capturing logs in process (pid: 28570).
[32m2025-10-14 21:32:22 +0200[0m - dagster - [34mDEBUG[0m - __ASSET_JOB - 960c9726-d41a-4826-86bd-f56830418a42 - 28570 - asset_prices - STEP_START - Started execution of step "asset_prices".
[32m2025-10-14 21:32:22 +0200[0m - dagster - [34mINFO[0m - __ASSET_JOB - 960c9726-d41a-4826-86bd-f56830418a42 - asset_prices - Fetching prices for 52 tickers via API
[32m2025-10-14 21:32:22 +0200[0m - dagster - [34mINFO[0m - __ASSET_JOB - 960c9726-d41a-4826-86bd-f56830418a42 - asset_prices - [1/52] Fetching AAPL...
[32m2025-10-14 21:32:22 +0200[0m - dagster - [34mINFO[0m - __ASSET_JOB - 960c9726-d41a-4826-86bd-f56830418a42 - asset_prices - ✓ AAPL: 2 records
[32m2025-10-14 21:32:23 +0200[0m - dagster - [34mINFO[0m - __ASSET_JOB - 960c9726-d41a-4826-86bd-f56830418a42 - asset_prices - [2/52] Fetching MSFT...
[32m2025-10-14 21:32:23 +0200[0m - dagster - [34mINFO[0m - __ASSET_JOB - 960c9726-d41a-4826-86bd-f56830418a42 - asset_prices - ✓ MSFT: 2 records
[32m2025-10-14 21:32:24 +0200[0m - dagster - [34mINFO[0m - __ASSET_JOB - 960c9726-d41a-4826-86bd-f56830418a42 - asset_prices - [3/52] Fetching GOOGL...
[32m2025-10-14 21:32:24 +0200[0m - dagster - [34mINFO[0m - __ASSET_JOB - 960c9726-d41a-4826-86bd-f56830418a42 - asset_prices - ✓ GOOGL: 2 records
[32m2025-10-14 21:32:25 +0200[0m - dagster - [34mINFO[0m - __ASSET_JOB - 960c9726-d41a-4826-86bd-f56830418a42 - asset_prices - [4/52] Fetching AMZN...
[32m2025-10-14 21:32:25 +0200[0m - dagster - [34mINFO[0m - __ASSET_JOB - 960c9726-d41a-4826-86bd-f56830418a42 - asset_prices - ✓ AMZN: 2 records
[32m2025-10-14 21:32:26 +0200[0m - dagster - [34mINFO[0m - __ASSET_JOB - 960c9726-d41a-4826-86bd-f56830418a42 - asset_prices - [5/52] Fetching META...
[32m2025-10-14 21:32:26 +0200[0m - dagster - [34mINFO[0m - __ASSET_JOB - 960c9726-d41a-4826-86bd-f56830418a42 - asset_prices - ✓ META: 2 records
[32m2025-10-14 21:32:27 +0200[0m - dagster - [34mINFO[0m - __ASSET_JOB - 960c9726-d41a-4826-86bd-f56830418a42 - asset_prices - [6/52] Fetching NVDA...
[32m2025-10-14 21:32:27 +0200[0m - dagster - [34mINFO[0m - __ASSET_JOB - 960c9726-d41a-4826-86bd-f56830418a42 - asset_prices - ✓ NVDA: 2 records
[32m2025-10-14 21:32:28 +0200[0m - dagster - [34mINFO[0m - __ASSET_JOB - 960c9726-d41a-4826-86bd-f56830418a42 - asset_prices - [7/52] Fetching TSLA...
[32m2025-10-14 21:32:29 +0200[0m - dagster - [34mINFO[0m - __ASSET_JOB - 960c9726-d41a-4826-86bd-f56830418a42 - asset_prices - ✓ TSLA: 2 records
[32m2025-10-14 21:32:30 +0200[0m - dagster - [34mINFO[0m - __ASSET_JOB - 960c9726-d41a-4826-86bd-f56830418a42 - asset_prices - [8/52] Fetching NFLX...
[32m2025-10-14 21:32:30 +0200[0m - dagster - [34mINFO[0m - __ASSET_JOB - 960c9726-d41a-4826-86bd-f56830418a42 - asset_prices - ✓ NFLX: 2 records
[32m2025-10-14 21:32:31 +0200[0m - dagster - [34mINFO[0m - __ASSET_JOB - 960c9726-d41a-4826-86bd-f56830418a42 - asset_prices - [9/52] Fetching AMD...
[32m2025-10-14 21:32:31 +0200[0m - dagster - [34mINFO[0m - __ASSET_JOB - 960c9726-d41a-4826-86bd-f56830418a42 - asset_prices - ✓ AMD: 2 records
[32m2025-10-14 21:32:32 +0200[0m - dagster - [34mINFO[0m - __ASSET_JOB - 960c9726-d41a-4826-86bd-f56830418a42 - asset_prices - [10/52] Fetching INTC...
[32m2025-10-14 21:32:32 +0200[0m - dagster - [34mINFO[0m - __ASSET_JOB - 960c9726-d41a-4826-86bd-f56830418a42 - asset_prices - ✓ INTC: 2 records
[32m2025-10-14 21:32:33 +0200[0m - dagster - [34mINFO[0m - __ASSET_JOB - 960c9726-d41a-4826-86bd-f56830418a42 - asset_prices - [11/52] Fetching JPM...
[32m2025-10-14 21:32:33 +0200[0m - dagster - [34mINFO[0m - __ASSET_JOB - 960c9726-d41a-4826-86bd-f56830418a42 - asset_prices - ✓ JPM: 2 records
[32m2025-10-14 21:32:34 +0200[0m - dagster - [34mINFO[0m - __ASSET_JOB - 960c9726-d41a-4826-86bd-f56830418a42 - asset_prices - [12/52] Fetching BAC...
[32m2025-10-14 21:32:34 +0200[0m - dagster - [34mINFO[0m - __ASSET_JOB - 960c9726-d41a-4826-86bd-f56830418a42 - asset_prices - ✓ BAC: 2 records
[32m2025-10-14 21:32:35 +0200[0m - dagster - [34mINFO[0m - __ASSET_JOB - 960c9726-d41a-4826-86bd-f56830418a42 - asset_prices - [13/52] Fetching GS...
[32m2025-10-14 21:32:35 +0200[0m - dagster - [34mINFO[0m - __ASSET_JOB - 960c9726-d41a-4826-86bd-f56830418a42 - asset_prices - ✓ GS: 2 records
[32m2025-10-14 21:32:36 +0200[0m - dagster - [34mINFO[0m - __ASSET_JOB - 960c9726-d41a-4826-86bd-f56830418a42 - asset_prices - [14/52] Fetching MS...
[32m2025-10-14 21:32:37 +0200[0m - dagster - [34mINFO[0m - __ASSET_JOB - 960c9726-d41a-4826-86bd-f56830418a42 - asset_prices - ✓ MS: 2 records
[32m2025-10-14 21:32:38 +0200[0m - dagster - [34mINFO[0m - __ASSET_JOB - 960c9726-d41a-4826-86bd-f56830418a42 - asset_prices - [15/52] Fetching WFC...
[32m2025-10-14 21:32:38 +0200[0m - dagster - [34mINFO[0m - __ASSET_JOB - 960c9726-d41a-4826-86bd-f56830418a42 - asset_prices - ✓ WFC: 2 records
[32m2025-10-14 21:32:39 +0200[0m - dagster - [34mINFO[0m - __ASSET_JOB - 960c9726-d41a-4826-86bd-f56830418a42 - asset_prices - [16/52] Fetching C...
[32m2025-10-14 21:32:39 +0200[0m - dagster - [34mINFO[0m - __ASSET_JOB - 960c9726-d41a-4826-86bd-f56830418a42 - asset_prices - ✓ C: 2 records
[32m2025-10-14 21:32:40 +0200[0m - dagster - [34mINFO[0m - __ASSET_JOB - 960c9726-d41a-4826-86bd-f56830418a42 - asset_prices - [17/52] Fetching BLK...
[32m2025-10-14 21:32:40 +0200[0m - dagster - [34mINFO[0m - __ASSET_JOB - 960c9726-d41a-4826-86bd-f56830418a42 - asset_prices - ✓ BLK: 2 records
[32m2025-10-14 21:32:41 +0200[0m - dagster - [34mINFO[0m - __ASSET_JOB - 960c9726-d41a-4826-86bd-f56830418a42 - asset_prices - [18/52] Fetching V...
[32m2025-10-14 21:32:41 +0200[0m - dagster - [34mINFO[0m - __ASSET_JOB - 960c9726-d41a-4826-86bd-f56830418a42 - asset_prices - ✓ V: 2 records
[32m2025-10-14 21:32:42 +0200[0m - dagster - [34mINFO[0m - __ASSET_JOB - 960c9726-d41a-4826-86bd-f56830418a42 - asset_prices - [19/52] Fetching MA...
[32m2025-10-14 21:32:42 +0200[0m - dagster - [34mINFO[0m - __ASSET_JOB - 960c9726-d41a-4826-86bd-f56830418a42 - asset_prices - ✓ MA: 2 records
[32m2025-10-14 21:32:43 +0200[0m - dagster - [34mINFO[0m - __ASSET_JOB - 960c9726-d41a-4826-86bd-f56830418a42 - asset_prices - [20/52] Fetching AXP...
[32m2025-10-14 21:32:43 +0200[0m - dagster - [34mINFO[0m - __ASSET_JOB - 960c9726-d41a-4826-86bd-f56830418a42 - asset_prices - ✓ AXP: 2 records
[32m2025-10-14 21:32:44 +0200[0m - dagster - [34mINFO[0m - __ASSET_JOB - 960c9726-d41a-4826-86bd-f56830418a42 - asset_prices - [21/52] Fetching JNJ...
[32m2025-10-14 21:32:45 +0200[0m - dagster - [34mINFO[0m - __ASSET_JOB - 960c9726-d41a-4826-86bd-f56830418a42 - asset_prices - ✓ JNJ: 2 records
[32m2025-10-14 21:32:46 +0200[0m - dagster - [34mINFO[0m - __ASSET_JOB - 960c9726-d41a-4826-86bd-f56830418a42 - asset_prices - [22/52] Fetching UNH...
[32m2025-10-14 21:32:46 +0200[0m - dagster - [34mINFO[0m - __ASSET_JOB - 960c9726-d41a-4826-86bd-f56830418a42 - asset_prices - ✓ UNH: 2 records
[32m2025-10-14 21:32:47 +0200[0m - dagster - [34mINFO[0m - __ASSET_JOB - 960c9726-d41a-4826-86bd-f56830418a42 - asset_prices - [23/52] Fetching PFE...
[32m2025-10-14 21:32:47 +0200[0m - dagster - [34mINFO[0m - __ASSET_JOB - 960c9726-d41a-4826-86bd-f56830418a42 - asset_prices - ✓ PFE: 2 records
[32m2025-10-14 21:32:48 +0200[0m - dagster - [34mINFO[0m - __ASSET_JOB - 960c9726-d41a-4826-86bd-f56830418a42 - asset_prices - [24/52] Fetching ABBV...
[32m2025-10-14 21:32:48 +0200[0m - dagster - [34mINFO[0m - __ASSET_JOB - 960c9726-d41a-4826-86bd-f56830418a42 - asset_prices - ✓ ABBV: 2 records
[32m2025-10-14 21:32:49 +0200[0m - dagster - [34mINFO[0m - __ASSET_JOB - 960c9726-d41a-4826-86bd-f56830418a42 - asset_prices - [25/52] Fetching TMO...
[32m2025-10-14 21:32:49 +0200[0m - dagster - [34mINFO[0m - __ASSET_JOB - 960c9726-d41a-4826-86bd-f56830418a42 - asset_prices - ✓ TMO: 2 records
[32m2025-10-14 21:32:50 +0200[0m - dagster - [34mINFO[0m - __ASSET_JOB - 960c9726-d41a-4826-86bd-f56830418a42 - asset_prices - [26/52] Fetching MRK...
[32m2025-10-14 21:32:51 +0200[0m - dagster - [34mINFO[0m - __ASSET_JOB - 960c9726-d41a-4826-86bd-f56830418a42 - asset_prices - ✓ MRK: 2 records
[32m2025-10-14 21:32:52 +0200[0m - dagster - [34mINFO[0m - __ASSET_JOB - 960c9726-d41a-4826-86bd-f56830418a42 - asset_prices - [27/52] Fetching LLY...
[32m2025-10-14 21:32:52 +0200[0m - dagster - [34mINFO[0m - __ASSET_JOB - 960c9726-d41a-4826-86bd-f56830418a42 - asset_prices - ✓ LLY: 2 records
[32m2025-10-14 21:32:53 +0200[0m - dagster - [34mINFO[0m - __ASSET_JOB - 960c9726-d41a-4826-86bd-f56830418a42 - asset_prices - [28/52] Fetching ABT...
[32m2025-10-14 21:32:53 +0200[0m - dagster - [34mINFO[0m - __ASSET_JOB - 960c9726-d41a-4826-86bd-f56830418a42 - asset_prices - ✓ ABT: 2 records
[32m2025-10-14 21:32:54 +0200[0m - dagster - [34mINFO[0m - __ASSET_JOB - 960c9726-d41a-4826-86bd-f56830418a42 - asset_prices - [29/52] Fetching DHR...
[32m2025-10-14 21:32:54 +0200[0m - dagster - [34mINFO[0m - __ASSET_JOB - 960c9726-d41a-4826-86bd-f56830418a42 - asset_prices - ✓ DHR: 2 records
[32m2025-10-14 21:32:55 +0200[0m - dagster - [34mINFO[0m - __ASSET_JOB - 960c9726-d41a-4826-86bd-f56830418a42 - asset_prices - [30/52] Fetching BMY...
[32m2025-10-14 21:32:55 +0200[0m - dagster - [34mINFO[0m - __ASSET_JOB - 960c9726-d41a-4826-86bd-f56830418a42 - asset_prices - ✓ BMY: 2 records
[32m2025-10-14 21:32:56 +0200[0m - dagster - [34mINFO[0m - __ASSET_JOB - 960c9726-d41a-4826-86bd-f56830418a42 - asset_prices - [31/52] Fetching WMT...
[32m2025-10-14 21:32:57 +0200[0m - dagster - [34mINFO[0m - __ASSET_JOB - 960c9726-d41a-4826-86bd-f56830418a42 - asset_prices - ✓ WMT: 2 records
[32m2025-10-14 21:32:58 +0200[0m - dagster - [34mINFO[0m - __ASSET_JOB - 960c9726-d41a-4826-86bd-f56830418a42 - asset_prices - [32/52] Fetching PG...
[32m2025-10-14 21:32:58 +0200[0m - dagster - [34mINFO[0m - __ASSET_JOB - 960c9726-d41a-4826-86bd-f56830418a42 - asset_prices - ✓ PG: 2 records
[32m2025-10-14 21:32:59 +0200[0m - dagster - [34mINFO[0m - __ASSET_JOB - 960c9726-d41a-4826-86bd-f56830418a42 - asset_prices - [33/52] Fetching KO...
[32m2025-10-14 21:32:59 +0200[0m - dagster - [34mINFO[0m - __ASSET_JOB - 960c9726-d41a-4826-86bd-f56830418a42 - asset_prices - ✓ KO: 2 records
[32m2025-10-14 21:33:00 +0200[0m - dagster - [34mINFO[0m - __ASSET_JOB - 960c9726-d41a-4826-86bd-f56830418a42 - asset_prices - [34/52] Fetching PEP...
[32m2025-10-14 21:33:00 +0200[0m - dagster - [34mINFO[0m - __ASSET_JOB - 960c9726-d41a-4826-86bd-f56830418a42 - asset_prices - ✓ PEP: 2 records
[32m2025-10-14 21:33:01 +0200[0m - dagster - [34mINFO[0m - __ASSET_JOB - 960c9726-d41a-4826-86bd-f56830418a42 - asset_prices - [35/52] Fetching NKE...
[32m2025-10-14 21:33:01 +0200[0m - dagster - [34mINFO[0m - __ASSET_JOB - 960c9726-d41a-4826-86bd-f56830418a42 - asset_prices - ✓ NKE: 2 records
[32m2025-10-14 21:33:02 +0200[0m - dagster - [34mINFO[0m - __ASSET_JOB - 960c9726-d41a-4826-86bd-f56830418a42 - asset_prices - [36/52] Fetching COST...
[32m2025-10-14 21:33:03 +0200[0m - dagster - [34mINFO[0m - __ASSET_JOB - 960c9726-d41a-4826-86bd-f56830418a42 - asset_prices - ✓ COST: 2 records
[32m2025-10-14 21:33:04 +0200[0m - dagster - [34mINFO[0m - __ASSET_JOB - 960c9726-d41a-4826-86bd-f56830418a42 - asset_prices - [37/52] Fetching HD...
[32m2025-10-14 21:33:04 +0200[0m - dagster - [34mINFO[0m - __ASSET_JOB - 960c9726-d41a-4826-86bd-f56830418a42 - asset_prices - ✓ HD: 2 records
[32m2025-10-14 21:33:05 +0200[0m - dagster - [34mINFO[0m - __ASSET_JOB - 960c9726-d41a-4826-86bd-f56830418a42 - asset_prices - [38/52] Fetching MCD...
[32m2025-10-14 21:33:05 +0200[0m - dagster - [34mINFO[0m - __ASSET_JOB - 960c9726-d41a-4826-86bd-f56830418a42 - asset_prices - ✓ MCD: 2 records
[32m2025-10-14 21:33:06 +0200[0m - dagster - [34mINFO[0m - __ASSET_JOB - 960c9726-d41a-4826-86bd-f56830418a42 - asset_prices - [39/52] Fetching SBUX...
[32m2025-10-14 21:33:06 +0200[0m - dagster - [34mINFO[0m - __ASSET_JOB - 960c9726-d41a-4826-86bd-f56830418a42 - asset_prices - ✓ SBUX: 2 records
[32m2025-10-14 21:33:07 +0200[0m - dagster - [34mINFO[0m - __ASSET_JOB - 960c9726-d41a-4826-86bd-f56830418a42 - asset_prices - [40/52] Fetching DIS...
[32m2025-10-14 21:33:07 +0200[0m - dagster - [34mINFO[0m - __ASSET_JOB - 960c9726-d41a-4826-86bd-f56830418a42 - asset_prices - ✓ DIS: 2 records
[32m2025-10-14 21:33:08 +0200[0m - dagster - [34mINFO[0m - __ASSET_JOB - 960c9726-d41a-4826-86bd-f56830418a42 - asset_prices - [41/52] Fetching XOM...
[32m2025-10-14 21:33:08 +0200[0m - dagster - [34mINFO[0m - __ASSET_JOB - 960c9726-d41a-4826-86bd-f56830418a42 - asset_prices - ✓ XOM: 2 records
[32m2025-10-14 21:33:10 +0200[0m - dagster - [34mINFO[0m - __ASSET_JOB - 960c9726-d41a-4826-86bd-f56830418a42 - asset_prices - [42/52] Fetching CVX...
[32m2025-10-14 21:33:10 +0200[0m - dagster - [34mINFO[0m - __ASSET_JOB - 960c9726-d41a-4826-86bd-f56830418a42 - asset_prices - ✓ CVX: 2 records
[32m2025-10-14 21:33:11 +0200[0m - dagster - [34mINFO[0m - __ASSET_JOB - 960c9726-d41a-4826-86bd-f56830418a42 - asset_prices - [43/52] Fetching COP...
[32m2025-10-14 21:33:11 +0200[0m - dagster - [34mINFO[0m - __ASSET_JOB - 960c9726-d41a-4826-86bd-f56830418a42 - asset_prices - ✓ COP: 2 records
[32m2025-10-14 21:33:12 +0200[0m - dagster - [34mINFO[0m - __ASSET_JOB - 960c9726-d41a-4826-86bd-f56830418a42 - asset_prices - [44/52] Fetching SLB...
[32m2025-10-14 21:33:12 +0200[0m - dagster - [34mINFO[0m - __ASSET_JOB - 960c9726-d41a-4826-86bd-f56830418a42 - asset_prices - ✓ SLB: 2 records
[32m2025-10-14 21:33:13 +0200[0m - dagster - [34mINFO[0m - __ASSET_JOB - 960c9726-d41a-4826-86bd-f56830418a42 - asset_prices - [45/52] Fetching EOG...
[32m2025-10-14 21:33:13 +0200[0m - dagster - [34mINFO[0m - __ASSET_JOB - 960c9726-d41a-4826-86bd-f56830418a42 - asset_prices - ✓ EOG: 2 records
[32m2025-10-14 21:33:14 +0200[0m - dagster - [34mINFO[0m - __ASSET_JOB - 960c9726-d41a-4826-86bd-f56830418a42 - asset_prices - [46/52] Fetching SPY...
[32m2025-10-14 21:33:14 +0200[0m - dagster - [34mINFO[0m - __ASSET_JOB - 960c9726-d41a-4826-86bd-f56830418a42 - asset_prices - ✓ SPY: 2 records
[32m2025-10-14 21:33:15 +0200[0m - dagster - [34mINFO[0m - __ASSET_JOB - 960c9726-d41a-4826-86bd-f56830418a42 - asset_prices - [47/52] Fetching QQQ...
[32m2025-10-14 21:33:16 +0200[0m - dagster - [34mINFO[0m - __ASSET_JOB - 960c9726-d41a-4826-86bd-f56830418a42 - asset_prices - ✓ QQQ: 2 records
[32m2025-10-14 21:33:17 +0200[0m - dagster - [34mINFO[0m - __ASSET_JOB - 960c9726-d41a-4826-86bd-f56830418a42 - asset_prices - [48/52] Fetching DIA...
[32m2025-10-14 21:33:17 +0200[0m - dagster - [34mINFO[0m - __ASSET_JOB - 960c9726-d41a-4826-86bd-f56830418a42 - asset_prices - ✓ DIA: 2 records
[32m2025-10-14 21:33:18 +0200[0m - dagster - [34mINFO[0m - __ASSET_JOB - 960c9726-d41a-4826-86bd-f56830418a42 - asset_prices - [49/52] Fetching IWM...
[32m2025-10-14 21:33:18 +0200[0m - dagster - [34mINFO[0m - __ASSET_JOB - 960c9726-d41a-4826-86bd-f56830418a42 - asset_prices - ✓ IWM: 2 records
[32m2025-10-14 21:33:19 +0200[0m - dagster - [34mINFO[0m - __ASSET_JOB - 960c9726-d41a-4826-86bd-f56830418a42 - asset_prices - [50/52] Fetching VTI...
[32m2025-10-14 21:33:19 +0200[0m - dagster - [34mINFO[0m - __ASSET_JOB - 960c9726-d41a-4826-86bd-f56830418a42 - asset_prices - ✓ VTI: 2 records
[32m2025-10-14 21:33:20 +0200[0m - dagster - [34mINFO[0m - __ASSET_JOB - 960c9726-d41a-4826-86bd-f56830418a42 - asset_prices - [51/52] Fetching BTC-USD...
[32m2025-10-14 21:33:20 +0200[0m - dagster - [34mINFO[0m - __ASSET_JOB - 960c9726-d41a-4826-86bd-f56830418a42 - asset_prices - ✓ BTC-USD: 2 records
[32m2025-10-14 21:33:21 +0200[0m - dagster - [34mINFO[0m - __ASSET_JOB - 960c9726-d41a-4826-86bd-f56830418a42 - asset_prices - [52/52] Fetching ETH-USD...
[32m2025-10-14 21:33:21 +0200[0m - dagster - [34mINFO[0m - __ASSET_JOB - 960c9726-d41a-4826-86bd-f56830418a42 - asset_prices - ✓ ETH-USD: 2 records
[32m2025-10-14 21:33:21 +0200[0m - dagster - [34mINFO[0m - __ASSET_JOB - 960c9726-d41a-4826-86bd-f56830418a42 - asset_prices - Retrieved 104 records for 52 tickers
[32m2025-10-14 21:33:21 +0200[0m - dagster - [34mINFO[0m - __ASSET_JOB - 960c9726-d41a-4826-86bd-f56830418a42 - asset_prices - Failed: 0 tickers
[32m2025-10-14 21:33:21 +0200[0m - dagster - [34mDEBUG[0m - __ASSET_JOB - 960c9726-d41a-4826-86bd-f56830418a42 - 28570 - asset_prices - STEP_OUTPUT - Yielded output "result" of type "DataFrame". (Type check passed).
[32m2025-10-14 21:33:21 +0200[0m - dagster - [34mDEBUG[0m - __ASSET_JOB - 960c9726-d41a-4826-86bd-f56830418a42 - asset_prices - Writing file at: /Users/mohameddiagne/Desktop/ETL Challenge/tmpn8so4ghx/storage/asset_prices using PickledObjectFilesystemIOManager...
[32m2025-10-14 21:33:21 +0200[0m - dagster - [34mDEBUG[0m - __ASSET_JOB - 960c9726-d41a-4826-86bd-f56830418a42 - 28570 - asset_prices - ASSET_MATERIALIZATION - Materialized value asset_prices.
[32m2025-10-14 21:33:21 +0200[0m - dagster - [34mDEBUG[0m - __ASSET_JOB - 960c9726-d41a-4826-86bd-f56830418a42 - 28570 - asset_prices - HANDLED_OUTPUT - Handled output "result" using IO manager "io_manager"
[32m2025-10-14 21:33:21 +0200[0m - dagster - [34mDEBUG[0m - __ASSET_JOB - 960c9726-d41a-4826-86bd-f56830418a42 - 28570 - asset_prices - STEP_SUCCESS - Finished execution of step "asset_prices" in 59.7s.
